[2022-03-11 18:39:46.277] [jointLog] [info] setting maxHashResizeThreads to 4
[2022-03-11 18:39:46.277] [jointLog] [info] Fragment incompatibility prior below threshold.  Incompatible fragments will be ignored.
[2022-03-11 18:39:46.277] [jointLog] [info] Usage of --validateMappings implies use of minScoreFraction. Since not explicitly specified, it is being set to 0.65
[2022-03-11 18:39:46.277] [jointLog] [info] Setting consensusSlack to selective-alignment default of 0.35.
[2022-03-11 18:39:46.277] [jointLog] [info] parsing read library format
[2022-03-11 18:39:46.277] [jointLog] [info] There is 1 library.
[2022-03-11 18:39:46.491] [jointLog] [info] Loading pufferfish index
[2022-03-11 18:39:46.495] [jointLog] [info] Loading dense pufferfish index.
[2022-03-11 18:39:47.550] [jointLog] [info] done
[2022-03-11 18:39:47.550] [jointLog] [info] Index contained 116,755 targets
[2022-03-11 18:39:47.622] [jointLog] [info] Number of decoys : 0
[2022-03-11 18:39:48.314] [jointLog] [info] Automatically detected most likely library type as ISF

[2022-03-11 18:44:01.200] [jointLog] [info] Thread saw mini-batch with a maximum of 7.40% zero probability fragments
[2022-03-11 18:44:01.261] [jointLog] [info] Thread saw mini-batch with a maximum of 7.42% zero probability fragments
[2022-03-11 18:44:01.279] [jointLog] [info] Thread saw mini-batch with a maximum of 7.38% zero probability fragments
[2022-03-11 18:44:01.290] [jointLog] [info] Thread saw mini-batch with a maximum of 7.66% zero probability fragments
[2022-03-11 18:44:01.500] [jointLog] [info] Computed 166,867 rich equivalence classes for further processing
[2022-03-11 18:44:01.500] [jointLog] [info] Counted 31,810,325 total reads in the equivalence classes 
[2022-03-11 18:44:01.504] [jointLog] [info] Number of mappings discarded because of alignment score : 5,682,648
[2022-03-11 18:44:01.504] [jointLog] [info] Number of fragments entirely discarded because of alignment score : 659,504
[2022-03-11 18:44:01.504] [jointLog] [info] Number of fragments discarded because they are best-mapped to decoys : 0
[2022-03-11 18:44:01.504] [jointLog] [info] Number of fragments discarded because they have only dovetail (discordant) mappings to valid targets : 583,356
[2022-03-11 18:44:01.504] [jointLog] [info] Mapping rate = 74.4641%

[2022-03-11 18:44:01.504] [jointLog] [info] finished quantifyLibrary()
[2022-03-11 18:44:01.532] [jointLog] [info] Starting optimizer
[2022-03-11 18:44:01.697] [jointLog] [info] Marked 0 weighted equivalence classes as degenerate
[2022-03-11 18:44:01.737] [jointLog] [info] iteration = 0 | max rel diff. = 9894.66
[2022-03-11 18:44:01.501] [fileLog] [info] 
At end of round 0
==================
Observed 42718980 total fragments (42718980 in most recent round)

[2022-03-11 18:44:04.663] [jointLog] [info] iteration = 100 | max rel diff. = 16.5829
[2022-03-11 18:44:07.665] [jointLog] [info] iteration = 200 | max rel diff. = 10.9483
[2022-03-11 18:44:10.654] [jointLog] [info] iteration = 300 | max rel diff. = 0.222389
[2022-03-11 18:44:13.811] [jointLog] [info] iteration = 400 | max rel diff. = 3.66271
[2022-03-11 18:44:16.773] [jointLog] [info] iteration = 500 | max rel diff. = 0.497346
[2022-03-11 18:44:19.625] [jointLog] [info] iteration = 600 | max rel diff. = 0.537948
[2022-03-11 18:44:22.548] [jointLog] [info] iteration = 700 | max rel diff. = 0.0261378
[2022-03-11 18:44:25.528] [jointLog] [info] iteration = 800 | max rel diff. = 0.0479862
[2022-03-11 18:44:28.513] [jointLog] [info] iteration = 900 | max rel diff. = 0.197471
[2022-03-11 18:44:31.515] [jointLog] [info] iteration = 1,000 | max rel diff. = 4.88553
[2022-03-11 18:44:34.409] [jointLog] [info] iteration = 1,100 | max rel diff. = 0.0218693
[2022-03-11 18:44:37.404] [jointLog] [info] iteration = 1,200 | max rel diff. = 0.422764
[2022-03-11 18:44:40.299] [jointLog] [info] iteration = 1,300 | max rel diff. = 0.023554
[2022-03-11 18:44:43.547] [jointLog] [info] iteration = 1,400 | max rel diff. = 0.00992566
[2022-03-11 18:44:43.570] [jointLog] [info] Finished optimizer
[2022-03-11 18:44:43.570] [jointLog] [info] writing output 

