[2022-03-11 16:38:57.547] [jointLog] [info] setting maxHashResizeThreads to 4
[2022-03-11 16:38:57.547] [jointLog] [info] Fragment incompatibility prior below threshold.  Incompatible fragments will be ignored.
[2022-03-11 16:38:57.547] [jointLog] [info] Usage of --validateMappings implies use of minScoreFraction. Since not explicitly specified, it is being set to 0.65
[2022-03-11 16:38:57.547] [jointLog] [info] Setting consensusSlack to selective-alignment default of 0.35.
[2022-03-11 16:38:57.547] [jointLog] [info] parsing read library format
[2022-03-11 16:38:57.547] [jointLog] [info] There is 1 library.
[2022-03-11 16:38:57.710] [jointLog] [info] Loading pufferfish index
[2022-03-11 16:38:57.725] [jointLog] [info] Loading dense pufferfish index.
[2022-03-11 16:38:58.748] [jointLog] [info] done
[2022-03-11 16:38:58.748] [jointLog] [info] Index contained 116,755 targets
[2022-03-11 16:38:58.818] [jointLog] [info] Number of decoys : 0
[2022-03-11 16:38:59.492] [jointLog] [info] Automatically detected most likely library type as ISF

[2022-03-11 16:41:20.984] [jointLog] [info] Thread saw mini-batch with a maximum of 4.50% zero probability fragments
[2022-03-11 16:41:21.029] [jointLog] [info] Thread saw mini-batch with a maximum of 4.56% zero probability fragments
[2022-03-11 16:41:21.052] [jointLog] [info] Thread saw mini-batch with a maximum of 4.60% zero probability fragments
[2022-03-11 16:41:21.066] [jointLog] [info] Thread saw mini-batch with a maximum of 4.68% zero probability fragments
[2022-03-11 16:41:21.277] [jointLog] [info] Computed 159,679 rich equivalence classes for further processing
[2022-03-11 16:41:21.277] [jointLog] [info] Counted 19,962,091 total reads in the equivalence classes 
[2022-03-11 16:41:21.280] [jointLog] [info] Number of mappings discarded because of alignment score : 3,331,892
[2022-03-11 16:41:21.280] [jointLog] [info] Number of fragments entirely discarded because of alignment score : 304,610
[2022-03-11 16:41:21.280] [jointLog] [info] Number of fragments discarded because they are best-mapped to decoys : 0
[2022-03-11 16:41:21.280] [jointLog] [info] Number of fragments discarded because they have only dovetail (discordant) mappings to valid targets : 327,031
[2022-03-11 16:41:21.280] [jointLog] [info] Mapping rate = 88.5777%

[2022-03-11 16:41:21.280] [jointLog] [info] finished quantifyLibrary()
[2022-03-11 16:41:21.311] [jointLog] [info] Starting optimizer
[2022-03-11 16:41:21.466] [jointLog] [info] Marked 0 weighted equivalence classes as degenerate
[2022-03-11 16:41:21.503] [jointLog] [info] iteration = 0 | max rel diff. = 10262.3
[2022-03-11 16:41:21.277] [fileLog] [info] 
At end of round 0
==================
Observed 22536253 total fragments (22536253 in most recent round)

[2022-03-11 16:41:23.844] [jointLog] [info] iteration = 100 | max rel diff. = 20.5374
[2022-03-11 16:41:26.419] [jointLog] [info] iteration = 200 | max rel diff. = 8.00681
[2022-03-11 16:41:28.956] [jointLog] [info] iteration = 300 | max rel diff. = 0.74857
[2022-03-11 16:41:31.509] [jointLog] [info] iteration = 400 | max rel diff. = 4.31986
[2022-03-11 16:41:33.945] [jointLog] [info] iteration = 500 | max rel diff. = 1.24035
[2022-03-11 16:41:36.354] [jointLog] [info] iteration = 600 | max rel diff. = 0.0301166
[2022-03-11 16:41:38.867] [jointLog] [info] iteration = 700 | max rel diff. = 0.10023
[2022-03-11 16:41:41.151] [jointLog] [info] iteration = 800 | max rel diff. = 0.0958583
[2022-03-11 16:41:43.570] [jointLog] [info] iteration = 900 | max rel diff. = 0.0176648
[2022-03-11 16:41:45.963] [jointLog] [info] iteration = 1,000 | max rel diff. = 0.0284762
[2022-03-11 16:41:48.407] [jointLog] [info] iteration = 1,100 | max rel diff. = 0.0163508
[2022-03-11 16:41:50.876] [jointLog] [info] iteration = 1,200 | max rel diff. = 0.014737
[2022-03-11 16:41:53.195] [jointLog] [info] iteration = 1,300 | max rel diff. = 0.0657486
[2022-03-11 16:41:55.757] [jointLog] [info] iteration = 1,400 | max rel diff. = 0.0169796
[2022-03-11 16:41:58.484] [jointLog] [info] iteration = 1,500 | max rel diff. = 0.0546332
[2022-03-11 16:42:01.282] [jointLog] [info] iteration = 1,600 | max rel diff. = 0.155177
[2022-03-11 16:42:02.067] [jointLog] [info] iteration = 1,630 | max rel diff. = 0.00620858
[2022-03-11 16:42:02.090] [jointLog] [info] Finished optimizer
[2022-03-11 16:42:02.091] [jointLog] [info] writing output 

