[2022-03-11 20:05:11.695] [jointLog] [info] setting maxHashResizeThreads to 4
[2022-03-11 20:05:11.695] [jointLog] [info] Fragment incompatibility prior below threshold.  Incompatible fragments will be ignored.
[2022-03-11 20:05:11.695] [jointLog] [info] Usage of --validateMappings implies use of minScoreFraction. Since not explicitly specified, it is being set to 0.65
[2022-03-11 20:05:11.695] [jointLog] [info] Setting consensusSlack to selective-alignment default of 0.35.
[2022-03-11 20:05:11.695] [jointLog] [info] parsing read library format
[2022-03-11 20:05:11.695] [jointLog] [info] There is 1 library.
[2022-03-11 20:05:11.925] [jointLog] [info] Loading pufferfish index
[2022-03-11 20:05:11.933] [jointLog] [info] Loading dense pufferfish index.
[2022-03-11 20:05:13.073] [jointLog] [info] done
[2022-03-11 20:05:13.073] [jointLog] [info] Index contained 116,755 targets
[2022-03-11 20:05:13.167] [jointLog] [info] Number of decoys : 0
[2022-03-11 20:05:14.979] [jointLog] [info] Automatically detected most likely library type as ISF

[2022-03-11 20:07:07.193] [fileLog] [info] 
At end of round 0
==================
Observed 18422968 total fragments (18422968 in most recent round)

[2022-03-11 20:07:07.050] [jointLog] [info] Thread saw mini-batch with a maximum of 21.88% zero probability fragments
[2022-03-11 20:07:07.088] [jointLog] [info] Thread saw mini-batch with a maximum of 21.88% zero probability fragments
[2022-03-11 20:07:07.091] [jointLog] [info] Thread saw mini-batch with a maximum of 21.92% zero probability fragments
[2022-03-11 20:07:07.111] [jointLog] [info] Thread saw mini-batch with a maximum of 21.82% zero probability fragments
[2022-03-11 20:07:07.192] [jointLog] [info] Computed 45,570 rich equivalence classes for further processing
[2022-03-11 20:07:07.192] [jointLog] [info] Counted 12,392,052 total reads in the equivalence classes 
[2022-03-11 20:07:07.196] [jointLog] [info] Number of mappings discarded because of alignment score : 3,553,833
[2022-03-11 20:07:07.196] [jointLog] [info] Number of fragments entirely discarded because of alignment score : 425,068
[2022-03-11 20:07:07.196] [jointLog] [info] Number of fragments discarded because they are best-mapped to decoys : 0
[2022-03-11 20:07:07.196] [jointLog] [info] Number of fragments discarded because they have only dovetail (discordant) mappings to valid targets : 276,292
[2022-03-11 20:07:07.196] [jointLog] [info] Mapping rate = 67.2641%

[2022-03-11 20:07:07.196] [jointLog] [info] finished quantifyLibrary()
[2022-03-11 20:07:07.230] [jointLog] [info] Starting optimizer
[2022-03-11 20:07:08.394] [jointLog] [info] Marked 0 weighted equivalence classes as degenerate
[2022-03-11 20:07:08.409] [jointLog] [info] iteration = 0 | max rel diff. = 7954.92
[2022-03-11 20:07:10.122] [jointLog] [info] iteration = 100 | max rel diff. = 13.6771
[2022-03-11 20:07:11.885] [jointLog] [info] iteration = 200 | max rel diff. = 2.66075
[2022-03-11 20:07:13.794] [jointLog] [info] iteration = 300 | max rel diff. = 2.05748
[2022-03-11 20:07:15.577] [jointLog] [info] iteration = 400 | max rel diff. = 0.40426
[2022-03-11 20:07:17.408] [jointLog] [info] iteration = 500 | max rel diff. = 0.126093
[2022-03-11 20:07:19.186] [jointLog] [info] iteration = 600 | max rel diff. = 0.120298
[2022-03-11 20:07:21.039] [jointLog] [info] iteration = 700 | max rel diff. = 0.0240951
[2022-03-11 20:07:22.813] [jointLog] [info] iteration = 800 | max rel diff. = 0.0119401
[2022-03-11 20:07:24.535] [jointLog] [info] iteration = 900 | max rel diff. = 0.0219907
[2022-03-11 20:07:26.310] [jointLog] [info] iteration = 1,000 | max rel diff. = 0.0204216
[2022-03-11 20:07:28.220] [jointLog] [info] iteration = 1,100 | max rel diff. = 0.083334
[2022-03-11 20:07:29.917] [jointLog] [info] iteration = 1,200 | max rel diff. = 0.0415811
[2022-03-11 20:07:30.257] [jointLog] [info] iteration = 1,226 | max rel diff. = 0.0041436
[2022-03-11 20:07:30.293] [jointLog] [info] Finished optimizer
[2022-03-11 20:07:30.293] [jointLog] [info] writing output 

