[2022-03-11 16:20:17.540] [jointLog] [info] setting maxHashResizeThreads to 4
[2022-03-11 16:20:17.540] [jointLog] [info] Fragment incompatibility prior below threshold.  Incompatible fragments will be ignored.
[2022-03-11 16:20:17.540] [jointLog] [info] Usage of --validateMappings implies use of minScoreFraction. Since not explicitly specified, it is being set to 0.65
[2022-03-11 16:20:17.540] [jointLog] [info] Setting consensusSlack to selective-alignment default of 0.35.
[2022-03-11 16:20:17.540] [jointLog] [info] parsing read library format
[2022-03-11 16:20:17.540] [jointLog] [info] There is 1 library.
[2022-03-11 16:20:17.738] [jointLog] [info] Loading pufferfish index
[2022-03-11 16:20:17.745] [jointLog] [info] Loading dense pufferfish index.
[2022-03-11 16:20:18.790] [jointLog] [info] done
[2022-03-11 16:20:18.790] [jointLog] [info] Index contained 116,755 targets
[2022-03-11 16:20:18.851] [jointLog] [info] Number of decoys : 0
[2022-03-11 16:20:19.291] [jointLog] [info] Automatically detected most likely library type as ISF

[2022-03-11 16:23:11.442] [jointLog] [info] Thread saw mini-batch with a maximum of 5.82% zero probability fragments
[2022-03-11 16:23:11.471] [jointLog] [info] Thread saw mini-batch with a maximum of 5.98% zero probability fragments
[2022-03-11 16:23:11.484] [jointLog] [info] Thread saw mini-batch with a maximum of 5.86% zero probability fragments
[2022-03-11 16:23:11.527] [jointLog] [info] Thread saw mini-batch with a maximum of 5.76% zero probability fragments
[2022-03-11 16:23:11.713] [jointLog] [info] Computed 156,489 rich equivalence classes for further processing
[2022-03-11 16:23:11.713] [jointLog] [info] Counted 23,411,452 total reads in the equivalence classes 
[2022-03-11 16:23:11.716] [jointLog] [info] Number of mappings discarded because of alignment score : 4,569,762
[2022-03-11 16:23:11.716] [jointLog] [info] Number of fragments entirely discarded because of alignment score : 459,945
[2022-03-11 16:23:11.716] [jointLog] [info] Number of fragments discarded because they are best-mapped to decoys : 0
[2022-03-11 16:23:11.716] [jointLog] [info] Number of fragments discarded because they have only dovetail (discordant) mappings to valid targets : 358,397
[2022-03-11 16:23:11.716] [jointLog] [info] Mapping rate = 84.4963%

[2022-03-11 16:23:11.716] [jointLog] [info] finished quantifyLibrary()
[2022-03-11 16:23:11.730] [jointLog] [info] Starting optimizer
[2022-03-11 16:23:11.835] [jointLog] [info] Marked 0 weighted equivalence classes as degenerate
[2022-03-11 16:23:11.858] [jointLog] [info] iteration = 0 | max rel diff. = 10631.7
[2022-03-11 16:23:11.713] [fileLog] [info] 
At end of round 0
==================
Observed 27707058 total fragments (27707058 in most recent round)

[2022-03-11 16:23:14.453] [jointLog] [info] iteration = 100 | max rel diff. = 19.9593
[2022-03-11 16:23:16.783] [jointLog] [info] iteration = 200 | max rel diff. = 0.988656
[2022-03-11 16:23:19.274] [jointLog] [info] iteration = 300 | max rel diff. = 5.18337
[2022-03-11 16:23:21.682] [jointLog] [info] iteration = 400 | max rel diff. = 1.00245
[2022-03-11 16:23:24.359] [jointLog] [info] iteration = 500 | max rel diff. = 0.38529
[2022-03-11 16:23:27.234] [jointLog] [info] iteration = 600 | max rel diff. = 0.257831
[2022-03-11 16:23:29.757] [jointLog] [info] iteration = 700 | max rel diff. = 0.0278311
[2022-03-11 16:23:32.407] [jointLog] [info] iteration = 800 | max rel diff. = 0.0938752
[2022-03-11 16:23:34.745] [jointLog] [info] iteration = 900 | max rel diff. = 1.06579
[2022-03-11 16:23:37.271] [jointLog] [info] iteration = 1,000 | max rel diff. = 0.0575776
[2022-03-11 16:23:39.573] [jointLog] [info] iteration = 1,100 | max rel diff. = 0.129197
[2022-03-11 16:23:41.397] [jointLog] [info] iteration = 1,170 | max rel diff. = 0.00485706
[2022-03-11 16:23:41.423] [jointLog] [info] Finished optimizer
[2022-03-11 16:23:41.423] [jointLog] [info] writing output 

