[2022-03-11 20:02:53.738] [jointLog] [info] setting maxHashResizeThreads to 4
[2022-03-11 20:02:53.738] [jointLog] [info] Fragment incompatibility prior below threshold.  Incompatible fragments will be ignored.
[2022-03-11 20:02:53.738] [jointLog] [info] Usage of --validateMappings implies use of minScoreFraction. Since not explicitly specified, it is being set to 0.65
[2022-03-11 20:02:53.738] [jointLog] [info] Setting consensusSlack to selective-alignment default of 0.35.
[2022-03-11 20:02:53.738] [jointLog] [info] parsing read library format
[2022-03-11 20:02:53.738] [jointLog] [info] There is 1 library.
[2022-03-11 20:02:54.013] [jointLog] [info] Loading pufferfish index
[2022-03-11 20:02:54.019] [jointLog] [info] Loading dense pufferfish index.
[2022-03-11 20:02:55.131] [jointLog] [info] done
[2022-03-11 20:02:55.131] [jointLog] [info] Index contained 116,755 targets
[2022-03-11 20:02:55.201] [jointLog] [info] Number of decoys : 0
[2022-03-11 20:02:56.119] [jointLog] [info] Automatically detected most likely library type as ISF

[2022-03-11 20:04:55.666] [fileLog] [info] 
At end of round 0
==================
Observed 18459944 total fragments (18459944 in most recent round)

[2022-03-11 20:04:55.489] [jointLog] [info] Thread saw mini-batch with a maximum of 21.90% zero probability fragments
[2022-03-11 20:04:55.493] [jointLog] [info] Thread saw mini-batch with a maximum of 21.84% zero probability fragments
[2022-03-11 20:04:55.518] [jointLog] [info] Thread saw mini-batch with a maximum of 22.12% zero probability fragments
[2022-03-11 20:04:55.583] [jointLog] [info] Thread saw mini-batch with a maximum of 22.14% zero probability fragments
[2022-03-11 20:04:55.665] [jointLog] [info] Computed 45,331 rich equivalence classes for further processing
[2022-03-11 20:04:55.665] [jointLog] [info] Counted 12,418,306 total reads in the equivalence classes 
[2022-03-11 20:04:55.674] [jointLog] [info] Number of mappings discarded because of alignment score : 3,589,828
[2022-03-11 20:04:55.674] [jointLog] [info] Number of fragments entirely discarded because of alignment score : 426,017
[2022-03-11 20:04:55.674] [jointLog] [info] Number of fragments discarded because they are best-mapped to decoys : 0
[2022-03-11 20:04:55.674] [jointLog] [info] Number of fragments discarded because they have only dovetail (discordant) mappings to valid targets : 275,902
[2022-03-11 20:04:55.674] [jointLog] [info] Mapping rate = 67.2716%

[2022-03-11 20:04:55.674] [jointLog] [info] finished quantifyLibrary()
[2022-03-11 20:04:55.699] [jointLog] [info] Starting optimizer
[2022-03-11 20:04:55.794] [jointLog] [info] Marked 0 weighted equivalence classes as degenerate
[2022-03-11 20:04:55.819] [jointLog] [info] iteration = 0 | max rel diff. = 7951.91
[2022-03-11 20:04:57.596] [jointLog] [info] iteration = 100 | max rel diff. = 7.26224
[2022-03-11 20:04:59.515] [jointLog] [info] iteration = 200 | max rel diff. = 9.73717
[2022-03-11 20:05:01.115] [jointLog] [info] iteration = 300 | max rel diff. = 6.30269
[2022-03-11 20:05:03.076] [jointLog] [info] iteration = 400 | max rel diff. = 1.29699
[2022-03-11 20:05:04.851] [jointLog] [info] iteration = 500 | max rel diff. = 0.158445
[2022-03-11 20:05:06.687] [jointLog] [info] iteration = 600 | max rel diff. = 0.451931
[2022-03-11 20:05:08.326] [jointLog] [info] iteration = 700 | max rel diff. = 0.0350842
[2022-03-11 20:05:09.443] [jointLog] [info] iteration = 763 | max rel diff. = 0.00972521
[2022-03-11 20:05:09.466] [jointLog] [info] Finished optimizer
[2022-03-11 20:05:09.466] [jointLog] [info] writing output 

