[2022-03-11 19:03:54.825] [jointLog] [info] setting maxHashResizeThreads to 4
[2022-03-11 19:03:54.825] [jointLog] [info] Fragment incompatibility prior below threshold.  Incompatible fragments will be ignored.
[2022-03-11 19:03:54.825] [jointLog] [info] Usage of --validateMappings implies use of minScoreFraction. Since not explicitly specified, it is being set to 0.65
[2022-03-11 19:03:54.825] [jointLog] [info] Setting consensusSlack to selective-alignment default of 0.35.
[2022-03-11 19:03:54.825] [jointLog] [info] parsing read library format
[2022-03-11 19:03:54.825] [jointLog] [info] There is 1 library.
[2022-03-11 19:03:54.993] [jointLog] [info] Loading pufferfish index
[2022-03-11 19:03:54.999] [jointLog] [info] Loading dense pufferfish index.
[2022-03-11 19:03:56.051] [jointLog] [info] done
[2022-03-11 19:03:56.051] [jointLog] [info] Index contained 116,755 targets
[2022-03-11 19:03:56.146] [jointLog] [info] Number of decoys : 0
[2022-03-11 19:03:57.114] [jointLog] [info] Automatically detected most likely library type as ISF

[2022-03-11 19:07:12.395] [jointLog] [info] Thread saw mini-batch with a maximum of 5.44% zero probability fragments
[2022-03-11 19:07:12.437] [jointLog] [info] Thread saw mini-batch with a maximum of 5.22% zero probability fragments
[2022-03-11 19:07:12.458] [jointLog] [info] Thread saw mini-batch with a maximum of 5.42% zero probability fragments
[2022-03-11 19:07:12.480] [jointLog] [info] Thread saw mini-batch with a maximum of 5.66% zero probability fragments
[2022-03-11 19:07:12.774] [jointLog] [info] Computed 183,887 rich equivalence classes for further processing
[2022-03-11 19:07:12.774] [jointLog] [info] Counted 24,535,940 total reads in the equivalence classes 
[2022-03-11 19:07:12.781] [jointLog] [info] Number of mappings discarded because of alignment score : 6,014,307
[2022-03-11 19:07:12.781] [jointLog] [info] Number of fragments entirely discarded because of alignment score : 517,497
[2022-03-11 19:07:12.781] [jointLog] [info] Number of fragments discarded because they are best-mapped to decoys : 0
[2022-03-11 19:07:12.781] [jointLog] [info] Number of fragments discarded because they have only dovetail (discordant) mappings to valid targets : 387,660
[2022-03-11 19:07:12.781] [jointLog] [info] Mapping rate = 85.7792%

[2022-03-11 19:07:12.781] [jointLog] [info] finished quantifyLibrary()
[2022-03-11 19:07:12.811] [jointLog] [info] Starting optimizer
[2022-03-11 19:07:12.774] [fileLog] [info] 
At end of round 0
==================
Observed 28603586 total fragments (28603586 in most recent round)

[2022-03-11 19:07:15.940] [jointLog] [info] Marked 0 weighted equivalence classes as degenerate
[2022-03-11 19:07:15.969] [jointLog] [info] iteration = 0 | max rel diff. = 10677.8
[2022-03-11 19:07:19.018] [jointLog] [info] iteration = 100 | max rel diff. = 18.828
[2022-03-11 19:07:22.095] [jointLog] [info] iteration = 200 | max rel diff. = 1.98013
[2022-03-11 19:07:25.259] [jointLog] [info] iteration = 300 | max rel diff. = 15.1668
[2022-03-11 19:07:28.257] [jointLog] [info] iteration = 400 | max rel diff. = 0.71404
[2022-03-11 19:07:31.577] [jointLog] [info] iteration = 500 | max rel diff. = 0.115234
[2022-03-11 19:07:34.450] [jointLog] [info] iteration = 600 | max rel diff. = 0.793472
[2022-03-11 19:07:37.625] [jointLog] [info] iteration = 700 | max rel diff. = 1.03181
[2022-03-11 19:07:40.505] [jointLog] [info] iteration = 800 | max rel diff. = 0.182427
[2022-03-11 19:07:43.571] [jointLog] [info] iteration = 900 | max rel diff. = 0.319875
[2022-03-11 19:07:46.721] [jointLog] [info] iteration = 1,000 | max rel diff. = 0.741967
[2022-03-11 19:07:49.738] [jointLog] [info] iteration = 1,100 | max rel diff. = 0.0974709
[2022-03-11 19:07:52.764] [jointLog] [info] iteration = 1,200 | max rel diff. = 0.0201105
[2022-03-11 19:07:55.767] [jointLog] [info] iteration = 1,300 | max rel diff. = 0.192559
[2022-03-11 19:07:58.855] [jointLog] [info] iteration = 1,400 | max rel diff. = 0.0555821
[2022-03-11 19:08:01.824] [jointLog] [info] iteration = 1,500 | max rel diff. = 0.170679
[2022-03-11 19:08:02.005] [jointLog] [info] iteration = 1,508 | max rel diff. = 0.0069481
[2022-03-11 19:08:02.028] [jointLog] [info] Finished optimizer
[2022-03-11 19:08:02.028] [jointLog] [info] writing output 

