[2022-03-11 21:42:25.396] [jointLog] [info] setting maxHashResizeThreads to 4
[2022-03-11 21:42:25.396] [jointLog] [info] Fragment incompatibility prior below threshold.  Incompatible fragments will be ignored.
[2022-03-11 21:42:25.396] [jointLog] [info] Usage of --validateMappings implies use of minScoreFraction. Since not explicitly specified, it is being set to 0.65
[2022-03-11 21:42:25.396] [jointLog] [info] Setting consensusSlack to selective-alignment default of 0.35.
[2022-03-11 21:42:25.396] [jointLog] [info] parsing read library format
[2022-03-11 21:42:25.396] [jointLog] [info] There is 1 library.
[2022-03-11 21:42:25.557] [jointLog] [info] Loading pufferfish index
[2022-03-11 21:42:25.564] [jointLog] [info] Loading dense pufferfish index.
[2022-03-11 21:42:26.673] [jointLog] [info] done
[2022-03-11 21:42:26.673] [jointLog] [info] Index contained 116,755 targets
[2022-03-11 21:42:26.735] [jointLog] [info] Number of decoys : 0
[2022-03-11 21:42:27.963] [jointLog] [info] Automatically detected most likely library type as ISF

[2022-03-11 21:44:45.662] [jointLog] [info] Thread saw mini-batch with a maximum of 9.04% zero probability fragments
[2022-03-11 21:44:45.740] [jointLog] [info] Thread saw mini-batch with a maximum of 9.24% zero probability fragments
[2022-03-11 21:44:45.741] [jointLog] [info] Thread saw mini-batch with a maximum of 9.24% zero probability fragments
[2022-03-11 21:44:45.746] [jointLog] [info] Thread saw mini-batch with a maximum of 8.98% zero probability fragments
[2022-03-11 21:44:45.957] [jointLog] [info] Computed 140,537 rich equivalence classes for further processing
[2022-03-11 21:44:45.957] [jointLog] [info] Counted 18,318,731 total reads in the equivalence classes 
[2022-03-11 21:44:45.960] [jointLog] [info] Number of mappings discarded because of alignment score : 3,747,462
[2022-03-11 21:44:45.960] [jointLog] [info] Number of fragments entirely discarded because of alignment score : 923,445
[2022-03-11 21:44:45.960] [jointLog] [info] Number of fragments discarded because they are best-mapped to decoys : 0
[2022-03-11 21:44:45.960] [jointLog] [info] Number of fragments discarded because they have only dovetail (discordant) mappings to valid targets : 123,974
[2022-03-11 21:44:45.960] [jointLog] [info] Mapping rate = 85.1302%

[2022-03-11 21:44:45.960] [jointLog] [info] finished quantifyLibrary()
[2022-03-11 21:44:45.997] [jointLog] [info] Starting optimizer
[2022-03-11 21:44:46.125] [jointLog] [info] Marked 0 weighted equivalence classes as degenerate
[2022-03-11 21:44:46.149] [jointLog] [info] iteration = 0 | max rel diff. = 9821.86
[2022-03-11 21:44:45.957] [fileLog] [info] 
At end of round 0
==================
Observed 21518477 total fragments (21518477 in most recent round)

[2022-03-11 21:44:48.983] [jointLog] [info] iteration = 100 | max rel diff. = 12.1662
[2022-03-11 21:44:51.930] [jointLog] [info] iteration = 200 | max rel diff. = 6.94028
[2022-03-11 21:44:54.743] [jointLog] [info] iteration = 300 | max rel diff. = 1.52463
[2022-03-11 21:44:57.622] [jointLog] [info] iteration = 400 | max rel diff. = 1.18514
[2022-03-11 21:45:00.843] [jointLog] [info] iteration = 500 | max rel diff. = 0.399592
[2022-03-11 21:45:03.674] [jointLog] [info] iteration = 600 | max rel diff. = 0.106574
[2022-03-11 21:45:06.660] [jointLog] [info] iteration = 700 | max rel diff. = 0.692471
[2022-03-11 21:45:09.533] [jointLog] [info] iteration = 800 | max rel diff. = 0.0548824
[2022-03-11 21:45:10.048] [jointLog] [info] iteration = 821 | max rel diff. = 0.00905615
[2022-03-11 21:45:10.077] [jointLog] [info] Finished optimizer
[2022-03-11 21:45:10.077] [jointLog] [info] writing output 

