[2022-03-11 23:24:33.552] [jointLog] [info] setting maxHashResizeThreads to 4
[2022-03-11 23:24:33.552] [jointLog] [info] Fragment incompatibility prior below threshold.  Incompatible fragments will be ignored.
[2022-03-11 23:24:33.552] [jointLog] [info] Usage of --validateMappings implies use of minScoreFraction. Since not explicitly specified, it is being set to 0.65
[2022-03-11 23:24:33.552] [jointLog] [info] Setting consensusSlack to selective-alignment default of 0.35.
[2022-03-11 23:24:33.552] [jointLog] [info] parsing read library format
[2022-03-11 23:24:33.552] [jointLog] [info] There is 1 library.
[2022-03-11 23:24:33.732] [jointLog] [info] Loading pufferfish index
[2022-03-11 23:24:33.736] [jointLog] [info] Loading dense pufferfish index.
[2022-03-11 23:24:34.893] [jointLog] [info] done
[2022-03-11 23:24:34.893] [jointLog] [info] Index contained 116,755 targets
[2022-03-11 23:24:34.954] [jointLog] [info] Number of decoys : 0
[2022-03-11 23:24:35.983] [jointLog] [info] Automatically detected most likely library type as ISF

[2022-03-11 23:28:21.196] [jointLog] [info] Thread saw mini-batch with a maximum of 13.29% zero probability fragments
[2022-03-11 23:28:21.221] [jointLog] [info] Thread saw mini-batch with a maximum of 12.76% zero probability fragments
[2022-03-11 23:28:21.235] [jointLog] [info] Thread saw mini-batch with a maximum of 12.76% zero probability fragments
[2022-03-11 23:28:21.248] [jointLog] [info] Thread saw mini-batch with a maximum of 12.76% zero probability fragments
[2022-03-11 23:28:21.474] [jointLog] [info] Computed 164,742 rich equivalence classes for further processing
[2022-03-11 23:28:21.474] [jointLog] [info] Counted 29,210,853 total reads in the equivalence classes 
[2022-03-11 23:28:21.479] [jointLog] [info] Number of mappings discarded because of alignment score : 6,043,592
[2022-03-11 23:28:21.479] [jointLog] [info] Number of fragments entirely discarded because of alignment score : 1,387,304
[2022-03-11 23:28:21.479] [jointLog] [info] Number of fragments discarded because they are best-mapped to decoys : 0
[2022-03-11 23:28:21.479] [jointLog] [info] Number of fragments discarded because they have only dovetail (discordant) mappings to valid targets : 238,432
[2022-03-11 23:28:21.479] [jointLog] [info] Mapping rate = 81.5714%

[2022-03-11 23:28:21.479] [jointLog] [info] finished quantifyLibrary()
[2022-03-11 23:28:21.502] [jointLog] [info] Starting optimizer
[2022-03-11 23:28:21.702] [jointLog] [info] Marked 0 weighted equivalence classes as degenerate
[2022-03-11 23:28:21.747] [jointLog] [info] iteration = 0 | max rel diff. = 10380
[2022-03-11 23:28:21.475] [fileLog] [info] 
At end of round 0
==================
Observed 35810158 total fragments (35810158 in most recent round)

[2022-03-11 23:28:25.167] [jointLog] [info] iteration = 100 | max rel diff. = 19.0652
[2022-03-11 23:28:28.137] [jointLog] [info] iteration = 200 | max rel diff. = 1.14289
[2022-03-11 23:28:31.370] [jointLog] [info] iteration = 300 | max rel diff. = 0.436238
[2022-03-11 23:28:34.345] [jointLog] [info] iteration = 400 | max rel diff. = 6.76511
[2022-03-11 23:28:37.700] [jointLog] [info] iteration = 500 | max rel diff. = 0.43766
[2022-03-11 23:28:40.828] [jointLog] [info] iteration = 600 | max rel diff. = 4.49337
[2022-03-11 23:28:44.025] [jointLog] [info] iteration = 700 | max rel diff. = 3.81409
[2022-03-11 23:28:47.294] [jointLog] [info] iteration = 800 | max rel diff. = 0.0578966
[2022-03-11 23:28:50.489] [jointLog] [info] iteration = 900 | max rel diff. = 0.0517625
[2022-03-11 23:28:54.142] [jointLog] [info] iteration = 1,000 | max rel diff. = 0.417145
[2022-03-11 23:28:57.292] [jointLog] [info] iteration = 1,100 | max rel diff. = 0.0412287
[2022-03-11 23:28:59.733] [jointLog] [info] iteration = 1,175 | max rel diff. = 0.00629045
[2022-03-11 23:28:59.754] [jointLog] [info] Finished optimizer
[2022-03-11 23:28:59.754] [jointLog] [info] writing output 

