[2022-03-11 20:07:32.570] [jointLog] [info] setting maxHashResizeThreads to 4
[2022-03-11 20:07:32.570] [jointLog] [info] Fragment incompatibility prior below threshold.  Incompatible fragments will be ignored.
[2022-03-11 20:07:32.570] [jointLog] [info] Usage of --validateMappings implies use of minScoreFraction. Since not explicitly specified, it is being set to 0.65
[2022-03-11 20:07:32.570] [jointLog] [info] Setting consensusSlack to selective-alignment default of 0.35.
[2022-03-11 20:07:32.570] [jointLog] [info] parsing read library format
[2022-03-11 20:07:32.570] [jointLog] [info] There is 1 library.
[2022-03-11 20:07:32.774] [jointLog] [info] Loading pufferfish index
[2022-03-11 20:07:32.785] [jointLog] [info] Loading dense pufferfish index.
[2022-03-11 20:07:33.773] [jointLog] [info] done
[2022-03-11 20:07:33.773] [jointLog] [info] Index contained 116,755 targets
[2022-03-11 20:07:33.841] [jointLog] [info] Number of decoys : 0
[2022-03-11 20:07:34.277] [jointLog] [info] Automatically detected most likely library type as ISF

[2022-03-11 20:10:04.568] [fileLog] [info] 
At end of round 0
==================
Observed 24815745 total fragments (24815745 in most recent round)

[2022-03-11 20:10:04.370] [jointLog] [info] Thread saw mini-batch with a maximum of 9.56% zero probability fragments
[2022-03-11 20:10:04.376] [jointLog] [info] Thread saw mini-batch with a maximum of 9.30% zero probability fragments
[2022-03-11 20:10:04.388] [jointLog] [info] Thread saw mini-batch with a maximum of 9.34% zero probability fragments
[2022-03-11 20:10:04.428] [jointLog] [info] Thread saw mini-batch with a maximum of 9.24% zero probability fragments
[2022-03-11 20:10:04.567] [jointLog] [info] Computed 93,460 rich equivalence classes for further processing
[2022-03-11 20:10:04.567] [jointLog] [info] Counted 19,663,971 total reads in the equivalence classes 
[2022-03-11 20:10:04.571] [jointLog] [info] Number of mappings discarded because of alignment score : 4,388,729
[2022-03-11 20:10:04.571] [jointLog] [info] Number of fragments entirely discarded because of alignment score : 474,098
[2022-03-11 20:10:04.571] [jointLog] [info] Number of fragments discarded because they are best-mapped to decoys : 0
[2022-03-11 20:10:04.571] [jointLog] [info] Number of fragments discarded because they have only dovetail (discordant) mappings to valid targets : 211,159
[2022-03-11 20:10:04.571] [jointLog] [info] Mapping rate = 79.2399%

[2022-03-11 20:10:04.571] [jointLog] [info] finished quantifyLibrary()
[2022-03-11 20:10:04.609] [jointLog] [info] Starting optimizer
[2022-03-11 20:10:04.741] [jointLog] [info] Marked 0 weighted equivalence classes as degenerate
[2022-03-11 20:10:04.771] [jointLog] [info] iteration = 0 | max rel diff. = 10209.9
[2022-03-11 20:10:07.091] [jointLog] [info] iteration = 100 | max rel diff. = 15.8133
[2022-03-11 20:10:09.579] [jointLog] [info] iteration = 200 | max rel diff. = 6.14019
[2022-03-11 20:10:12.349] [jointLog] [info] iteration = 300 | max rel diff. = 0.327056
[2022-03-11 20:10:14.586] [jointLog] [info] iteration = 400 | max rel diff. = 2.45367
[2022-03-11 20:10:17.063] [jointLog] [info] iteration = 500 | max rel diff. = 3.33856
[2022-03-11 20:10:19.590] [jointLog] [info] iteration = 600 | max rel diff. = 0.117707
[2022-03-11 20:10:21.880] [jointLog] [info] iteration = 700 | max rel diff. = 0.0542368
[2022-03-11 20:10:24.486] [jointLog] [info] iteration = 800 | max rel diff. = 0.0599219
[2022-03-11 20:10:26.961] [jointLog] [info] iteration = 900 | max rel diff. = 0.108116
[2022-03-11 20:10:27.189] [jointLog] [info] iteration = 912 | max rel diff. = 0.00481308
[2022-03-11 20:10:27.217] [jointLog] [info] Finished optimizer
[2022-03-11 20:10:27.217] [jointLog] [info] writing output 

