[2022-03-11 22:37:48.684] [jointLog] [info] setting maxHashResizeThreads to 4
[2022-03-11 22:37:48.684] [jointLog] [info] Fragment incompatibility prior below threshold.  Incompatible fragments will be ignored.
[2022-03-11 22:37:48.684] [jointLog] [info] Usage of --validateMappings implies use of minScoreFraction. Since not explicitly specified, it is being set to 0.65
[2022-03-11 22:37:48.684] [jointLog] [info] Setting consensusSlack to selective-alignment default of 0.35.
[2022-03-11 22:37:48.684] [jointLog] [info] parsing read library format
[2022-03-11 22:37:48.684] [jointLog] [info] There is 1 library.
[2022-03-11 22:37:48.961] [jointLog] [info] Loading pufferfish index
[2022-03-11 22:37:48.964] [jointLog] [info] Loading dense pufferfish index.
[2022-03-11 22:37:50.298] [jointLog] [info] done
[2022-03-11 22:37:50.298] [jointLog] [info] Index contained 116,755 targets
[2022-03-11 22:37:50.391] [jointLog] [info] Number of decoys : 0
[2022-03-11 22:37:51.648] [jointLog] [info] Automatically detected most likely library type as ISF

[2022-03-11 22:40:23.817] [jointLog] [info] Thread saw mini-batch with a maximum of 13.12% zero probability fragments
[2022-03-11 22:40:23.893] [jointLog] [info] Thread saw mini-batch with a maximum of 13.18% zero probability fragments
[2022-03-11 22:40:23.923] [jointLog] [info] Thread saw mini-batch with a maximum of 13.20% zero probability fragments
[2022-03-11 22:40:23.957] [jointLog] [info] Thread saw mini-batch with a maximum of 13.06% zero probability fragments
[2022-03-11 22:40:24.155] [jointLog] [info] Computed 112,314 rich equivalence classes for further processing
[2022-03-11 22:40:24.155] [jointLog] [info] Counted 16,918,356 total reads in the equivalence classes 
[2022-03-11 22:40:24.165] [jointLog] [info] Number of mappings discarded because of alignment score : 4,881,717
[2022-03-11 22:40:24.165] [jointLog] [info] Number of fragments entirely discarded because of alignment score : 1,383,554
[2022-03-11 22:40:24.165] [jointLog] [info] Number of fragments discarded because they are best-mapped to decoys : 0
[2022-03-11 22:40:24.165] [jointLog] [info] Number of fragments discarded because they have only dovetail (discordant) mappings to valid targets : 74,632
[2022-03-11 22:40:24.165] [jointLog] [info] Mapping rate = 79.0029%

[2022-03-11 22:40:24.166] [jointLog] [info] finished quantifyLibrary()
[2022-03-11 22:40:24.178] [jointLog] [info] Starting optimizer
[2022-03-11 22:40:24.329] [jointLog] [info] Marked 0 weighted equivalence classes as degenerate
[2022-03-11 22:40:24.156] [fileLog] [info] 
At end of round 0
==================
Observed 21414849 total fragments (21414849 in most recent round)

[2022-03-11 22:40:24.358] [jointLog] [info] iteration = 0 | max rel diff. = 9513.49
[2022-03-11 22:40:27.279] [jointLog] [info] iteration = 100 | max rel diff. = 5.43037
[2022-03-11 22:40:30.066] [jointLog] [info] iteration = 200 | max rel diff. = 6.71922
[2022-03-11 22:40:32.773] [jointLog] [info] iteration = 300 | max rel diff. = 6.26121
[2022-03-11 22:40:35.660] [jointLog] [info] iteration = 400 | max rel diff. = 0.836588
[2022-03-11 22:40:38.406] [jointLog] [info] iteration = 500 | max rel diff. = 0.326916
[2022-03-11 22:40:41.306] [jointLog] [info] iteration = 600 | max rel diff. = 0.159713
[2022-03-11 22:40:41.971] [jointLog] [info] iteration = 625 | max rel diff. = 0.00618351
[2022-03-11 22:40:41.999] [jointLog] [info] Finished optimizer
[2022-03-11 22:40:41.999] [jointLog] [info] writing output 

