[2022-03-11 21:55:54.114] [jointLog] [info] setting maxHashResizeThreads to 4
[2022-03-11 21:55:54.114] [jointLog] [info] Fragment incompatibility prior below threshold.  Incompatible fragments will be ignored.
[2022-03-11 21:55:54.114] [jointLog] [info] Usage of --validateMappings implies use of minScoreFraction. Since not explicitly specified, it is being set to 0.65
[2022-03-11 21:55:54.114] [jointLog] [info] Setting consensusSlack to selective-alignment default of 0.35.
[2022-03-11 21:55:54.114] [jointLog] [info] parsing read library format
[2022-03-11 21:55:54.114] [jointLog] [info] There is 1 library.
[2022-03-11 21:55:54.264] [jointLog] [info] Loading pufferfish index
[2022-03-11 21:55:54.268] [jointLog] [info] Loading dense pufferfish index.
[2022-03-11 21:55:55.280] [jointLog] [info] done
[2022-03-11 21:55:55.280] [jointLog] [info] Index contained 116,755 targets
[2022-03-11 21:55:55.347] [jointLog] [info] Number of decoys : 0
[2022-03-11 21:55:56.265] [jointLog] [info] Automatically detected most likely library type as ISF

[2022-03-11 21:58:25.319] [jointLog] [info] Thread saw mini-batch with a maximum of 6.32% zero probability fragments
[2022-03-11 21:58:25.323] [jointLog] [info] Thread saw mini-batch with a maximum of 6.38% zero probability fragments
[2022-03-11 21:58:25.325] [jointLog] [info] Thread saw mini-batch with a maximum of 6.26% zero probability fragments
[2022-03-11 21:58:25.361] [jointLog] [info] Thread saw mini-batch with a maximum of 6.60% zero probability fragments
[2022-03-11 21:58:25.568] [jointLog] [info] Computed 189,505 rich equivalence classes for further processing
[2022-03-11 21:58:25.568] [jointLog] [info] Counted 21,810,403 total reads in the equivalence classes 
[2022-03-11 21:58:25.572] [jointLog] [info] Number of mappings discarded because of alignment score : 4,144,929
[2022-03-11 21:58:25.572] [jointLog] [info] Number of fragments entirely discarded because of alignment score : 857,503
[2022-03-11 21:58:25.572] [jointLog] [info] Number of fragments discarded because they are best-mapped to decoys : 0
[2022-03-11 21:58:25.572] [jointLog] [info] Number of fragments discarded because they have only dovetail (discordant) mappings to valid targets : 147,076
[2022-03-11 21:58:25.572] [jointLog] [info] Mapping rate = 87.6506%

[2022-03-11 21:58:25.572] [jointLog] [info] finished quantifyLibrary()
[2022-03-11 21:58:25.593] [jointLog] [info] Starting optimizer
[2022-03-11 21:58:25.569] [fileLog] [info] 
At end of round 0
==================
Observed 24883349 total fragments (24883349 in most recent round)

[2022-03-11 21:58:25.753] [jointLog] [info] Marked 0 weighted equivalence classes as degenerate
[2022-03-11 21:58:25.794] [jointLog] [info] iteration = 0 | max rel diff. = 10510.7
[2022-03-11 21:58:29.177] [jointLog] [info] iteration = 100 | max rel diff. = 10.5174
[2022-03-11 21:58:32.517] [jointLog] [info] iteration = 200 | max rel diff. = 4.13681
[2022-03-11 21:58:36.171] [jointLog] [info] iteration = 300 | max rel diff. = 1.28754
[2022-03-11 21:58:39.636] [jointLog] [info] iteration = 400 | max rel diff. = 1.70827
[2022-03-11 21:58:43.010] [jointLog] [info] iteration = 500 | max rel diff. = 1.49071
[2022-03-11 21:58:46.441] [jointLog] [info] iteration = 600 | max rel diff. = 0.76313
[2022-03-11 21:58:49.491] [jointLog] [info] iteration = 700 | max rel diff. = 0.387393
[2022-03-11 21:58:52.772] [jointLog] [info] iteration = 800 | max rel diff. = 1.15538
[2022-03-11 21:58:55.893] [jointLog] [info] iteration = 900 | max rel diff. = 0.137036
[2022-03-11 21:58:57.095] [jointLog] [info] iteration = 937 | max rel diff. = 0.00954311
[2022-03-11 21:58:57.120] [jointLog] [info] Finished optimizer
[2022-03-11 21:58:57.120] [jointLog] [info] writing output 

