[2022-03-11 20:38:29.548] [jointLog] [info] setting maxHashResizeThreads to 4
[2022-03-11 20:38:29.548] [jointLog] [info] Fragment incompatibility prior below threshold.  Incompatible fragments will be ignored.
[2022-03-11 20:38:29.548] [jointLog] [info] Usage of --validateMappings implies use of minScoreFraction. Since not explicitly specified, it is being set to 0.65
[2022-03-11 20:38:29.548] [jointLog] [info] Setting consensusSlack to selective-alignment default of 0.35.
[2022-03-11 20:38:29.548] [jointLog] [info] parsing read library format
[2022-03-11 20:38:29.548] [jointLog] [info] There is 1 library.
[2022-03-11 20:38:29.721] [jointLog] [info] Loading pufferfish index
[2022-03-11 20:38:29.724] [jointLog] [info] Loading dense pufferfish index.
[2022-03-11 20:38:30.688] [jointLog] [info] done
[2022-03-11 20:38:30.688] [jointLog] [info] Index contained 116,755 targets
[2022-03-11 20:38:30.766] [jointLog] [info] Number of decoys : 0
[2022-03-11 20:38:31.420] [jointLog] [info] Automatically detected most likely library type as ISF

[2022-03-11 20:41:50.296] [fileLog] [info] 
At end of round 0
==================
Observed 38407903 total fragments (38407903 in most recent round)

[2022-03-11 20:41:50.039] [jointLog] [info] Thread saw mini-batch with a maximum of 5.88% zero probability fragments
[2022-03-11 20:41:50.064] [jointLog] [info] Thread saw mini-batch with a maximum of 5.96% zero probability fragments
[2022-03-11 20:41:50.072] [jointLog] [info] Thread saw mini-batch with a maximum of 6.04% zero probability fragments
[2022-03-11 20:41:50.119] [jointLog] [info] Thread saw mini-batch with a maximum of 5.92% zero probability fragments
[2022-03-11 20:41:50.296] [jointLog] [info] Computed 135,930 rich equivalence classes for further processing
[2022-03-11 20:41:50.296] [jointLog] [info] Counted 34,179,616 total reads in the equivalence classes 
[2022-03-11 20:41:50.299] [jointLog] [info] Number of mappings discarded because of alignment score : 5,892,435
[2022-03-11 20:41:50.299] [jointLog] [info] Number of fragments entirely discarded because of alignment score : 1,332,903
[2022-03-11 20:41:50.299] [jointLog] [info] Number of fragments discarded because they are best-mapped to decoys : 0
[2022-03-11 20:41:50.299] [jointLog] [info] Number of fragments discarded because they have only dovetail (discordant) mappings to valid targets : 165,859
[2022-03-11 20:41:50.299] [jointLog] [info] Mapping rate = 88.9911%

[2022-03-11 20:41:50.299] [jointLog] [info] finished quantifyLibrary()
[2022-03-11 20:41:50.324] [jointLog] [info] Starting optimizer
[2022-03-11 20:41:50.465] [jointLog] [info] Marked 0 weighted equivalence classes as degenerate
[2022-03-11 20:41:50.495] [jointLog] [info] iteration = 0 | max rel diff. = 9182.86
[2022-03-11 20:41:53.178] [jointLog] [info] iteration = 100 | max rel diff. = 16.4211
[2022-03-11 20:41:55.895] [jointLog] [info] iteration = 200 | max rel diff. = 3.07349
[2022-03-11 20:41:58.769] [jointLog] [info] iteration = 300 | max rel diff. = 0.68566
[2022-03-11 20:42:01.673] [jointLog] [info] iteration = 400 | max rel diff. = 0.0532426
[2022-03-11 20:42:04.480] [jointLog] [info] iteration = 500 | max rel diff. = 0.0580729
[2022-03-11 20:42:07.256] [jointLog] [info] iteration = 600 | max rel diff. = 2.68336
[2022-03-11 20:42:10.008] [jointLog] [info] iteration = 700 | max rel diff. = 0.0889925
[2022-03-11 20:42:12.708] [jointLog] [info] iteration = 797 | max rel diff. = 0.00984243
[2022-03-11 20:42:12.731] [jointLog] [info] Finished optimizer
[2022-03-11 20:42:12.731] [jointLog] [info] writing output 

