[2022-03-11 23:11:26.893] [jointLog] [info] setting maxHashResizeThreads to 4
[2022-03-11 23:11:26.893] [jointLog] [info] Fragment incompatibility prior below threshold.  Incompatible fragments will be ignored.
[2022-03-11 23:11:26.893] [jointLog] [info] Usage of --validateMappings implies use of minScoreFraction. Since not explicitly specified, it is being set to 0.65
[2022-03-11 23:11:26.893] [jointLog] [info] Setting consensusSlack to selective-alignment default of 0.35.
[2022-03-11 23:11:26.893] [jointLog] [info] parsing read library format
[2022-03-11 23:11:26.893] [jointLog] [info] There is 1 library.
[2022-03-11 23:11:27.078] [jointLog] [info] Loading pufferfish index
[2022-03-11 23:11:27.083] [jointLog] [info] Loading dense pufferfish index.
[2022-03-11 23:11:28.366] [jointLog] [info] done
[2022-03-11 23:11:28.366] [jointLog] [info] Index contained 116,755 targets
[2022-03-11 23:11:28.451] [jointLog] [info] Number of decoys : 0
[2022-03-11 23:11:28.909] [jointLog] [info] Automatically detected most likely library type as ISF

[2022-03-11 23:13:35.341] [jointLog] [info] Thread saw mini-batch with a maximum of 7.72% zero probability fragments
[2022-03-11 23:13:35.348] [jointLog] [info] Thread saw mini-batch with a maximum of 7.44% zero probability fragments
[2022-03-11 23:13:35.355] [jointLog] [info] Thread saw mini-batch with a maximum of 7.60% zero probability fragments
[2022-03-11 23:13:35.384] [jointLog] [info] Thread saw mini-batch with a maximum of 7.50% zero probability fragments
[2022-03-11 23:13:35.526] [jointLog] [info] Computed 120,215 rich equivalence classes for further processing
[2022-03-11 23:13:35.526] [jointLog] [info] Counted 18,947,601 total reads in the equivalence classes 
[2022-03-11 23:13:35.532] [jointLog] [info] Number of mappings discarded because of alignment score : 3,245,666
[2022-03-11 23:13:35.532] [jointLog] [info] Number of fragments entirely discarded because of alignment score : 825,149
[2022-03-11 23:13:35.532] [jointLog] [info] Number of fragments discarded because they are best-mapped to decoys : 0
[2022-03-11 23:13:35.532] [jointLog] [info] Number of fragments discarded because they have only dovetail (discordant) mappings to valid targets : 132,505
[2022-03-11 23:13:35.532] [jointLog] [info] Mapping rate = 87.3916%

[2022-03-11 23:13:35.532] [jointLog] [info] finished quantifyLibrary()
[2022-03-11 23:13:35.548] [jointLog] [info] Starting optimizer
[2022-03-11 23:13:35.706] [jointLog] [info] Marked 0 weighted equivalence classes as degenerate
[2022-03-11 23:13:35.736] [jointLog] [info] iteration = 0 | max rel diff. = 10066
[2022-03-11 23:13:35.527] [fileLog] [info] 
At end of round 0
==================
Observed 21681252 total fragments (21681252 in most recent round)

[2022-03-11 23:13:38.478] [jointLog] [info] iteration = 100 | max rel diff. = 20.4443
[2022-03-11 23:13:41.219] [jointLog] [info] iteration = 200 | max rel diff. = 0.294168
[2022-03-11 23:13:43.878] [jointLog] [info] iteration = 300 | max rel diff. = 0.148644
[2022-03-11 23:13:46.758] [jointLog] [info] iteration = 400 | max rel diff. = 0.14215
[2022-03-11 23:13:49.368] [jointLog] [info] iteration = 500 | max rel diff. = 0.109265
[2022-03-11 23:13:52.027] [jointLog] [info] iteration = 600 | max rel diff. = 0.227274
[2022-03-11 23:13:54.814] [jointLog] [info] iteration = 700 | max rel diff. = 0.0459959
[2022-03-11 23:13:57.337] [jointLog] [info] iteration = 800 | max rel diff. = 0.0855221
[2022-03-11 23:14:00.296] [jointLog] [info] iteration = 900 | max rel diff. = 0.0498502
[2022-03-11 23:14:00.911] [jointLog] [info] iteration = 922 | max rel diff. = 0.00189431
[2022-03-11 23:14:00.933] [jointLog] [info] Finished optimizer
[2022-03-11 23:14:00.933] [jointLog] [info] writing output 

