[2022-03-11 16:46:28.067] [jointLog] [info] setting maxHashResizeThreads to 4
[2022-03-11 16:46:28.067] [jointLog] [info] Fragment incompatibility prior below threshold.  Incompatible fragments will be ignored.
[2022-03-11 16:46:28.067] [jointLog] [info] Usage of --validateMappings implies use of minScoreFraction. Since not explicitly specified, it is being set to 0.65
[2022-03-11 16:46:28.067] [jointLog] [info] Setting consensusSlack to selective-alignment default of 0.35.
[2022-03-11 16:46:28.067] [jointLog] [info] parsing read library format
[2022-03-11 16:46:28.067] [jointLog] [info] There is 1 library.
[2022-03-11 16:46:28.227] [jointLog] [info] Loading pufferfish index
[2022-03-11 16:46:28.236] [jointLog] [info] Loading dense pufferfish index.
[2022-03-11 16:46:29.188] [jointLog] [info] done
[2022-03-11 16:46:29.188] [jointLog] [info] Index contained 116,755 targets
[2022-03-11 16:46:29.249] [jointLog] [info] Number of decoys : 0
[2022-03-11 16:46:30.496] [jointLog] [info] Automatically detected most likely library type as ISF

[2022-03-11 16:50:05.526] [jointLog] [info] Thread saw mini-batch with a maximum of 2.98% zero probability fragments
[2022-03-11 16:50:05.627] [jointLog] [info] Thread saw mini-batch with a maximum of 2.90% zero probability fragments
[2022-03-11 16:50:05.641] [jointLog] [info] Thread saw mini-batch with a maximum of 2.98% zero probability fragments
[2022-03-11 16:50:05.648] [jointLog] [info] Thread saw mini-batch with a maximum of 2.84% zero probability fragments
[2022-03-11 16:50:05.907] [jointLog] [info] Computed 230,693 rich equivalence classes for further processing
[2022-03-11 16:50:05.907] [jointLog] [info] Counted 23,376,815 total reads in the equivalence classes 
[2022-03-11 16:50:05.910] [jointLog] [info] Number of mappings discarded because of alignment score : 5,869,858
[2022-03-11 16:50:05.910] [jointLog] [info] Number of fragments entirely discarded because of alignment score : 387,148
[2022-03-11 16:50:05.910] [jointLog] [info] Number of fragments discarded because they are best-mapped to decoys : 0
[2022-03-11 16:50:05.910] [jointLog] [info] Number of fragments discarded because they have only dovetail (discordant) mappings to valid targets : 184,477
[2022-03-11 16:50:05.910] [jointLog] [info] Mapping rate = 81.8373%

[2022-03-11 16:50:05.910] [jointLog] [info] finished quantifyLibrary()
[2022-03-11 16:50:05.925] [jointLog] [info] Starting optimizer
[2022-03-11 16:50:06.069] [jointLog] [info] Marked 0 weighted equivalence classes as degenerate
[2022-03-11 16:50:06.098] [jointLog] [info] iteration = 0 | max rel diff. = 10578.1
[2022-03-11 16:50:05.907] [fileLog] [info] 
At end of round 0
==================
Observed 28564977 total fragments (28564977 in most recent round)

[2022-03-11 16:50:09.278] [jointLog] [info] iteration = 100 | max rel diff. = 7.10637
[2022-03-11 16:50:12.594] [jointLog] [info] iteration = 200 | max rel diff. = 10.6673
[2022-03-11 16:50:15.680] [jointLog] [info] iteration = 300 | max rel diff. = 0.809615
[2022-03-11 16:50:18.910] [jointLog] [info] iteration = 400 | max rel diff. = 3.1201
[2022-03-11 16:50:21.943] [jointLog] [info] iteration = 500 | max rel diff. = 14.156
[2022-03-11 16:50:25.166] [jointLog] [info] iteration = 600 | max rel diff. = 0.461894
[2022-03-11 16:50:28.207] [jointLog] [info] iteration = 700 | max rel diff. = 1.3945
[2022-03-11 16:50:31.256] [jointLog] [info] iteration = 800 | max rel diff. = 2.99801
[2022-03-11 16:50:34.345] [jointLog] [info] iteration = 900 | max rel diff. = 0.480212
[2022-03-11 16:50:37.325] [jointLog] [info] iteration = 1,000 | max rel diff. = 0.260191
[2022-03-11 16:50:40.327] [jointLog] [info] iteration = 1,100 | max rel diff. = 0.0548135
[2022-03-11 16:50:43.265] [jointLog] [info] iteration = 1,200 | max rel diff. = 0.132257
[2022-03-11 16:50:46.343] [jointLog] [info] iteration = 1,300 | max rel diff. = 0.0921813
[2022-03-11 16:50:49.410] [jointLog] [info] iteration = 1,400 | max rel diff. = 0.0227295
[2022-03-11 16:50:51.233] [jointLog] [info] iteration = 1,461 | max rel diff. = 0.0068503
[2022-03-11 16:50:51.257] [jointLog] [info] Finished optimizer
[2022-03-11 16:50:51.257] [jointLog] [info] writing output 

