[2022-03-11 17:45:45.738] [jointLog] [info] setting maxHashResizeThreads to 4
[2022-03-11 17:45:45.738] [jointLog] [info] Fragment incompatibility prior below threshold.  Incompatible fragments will be ignored.
[2022-03-11 17:45:45.738] [jointLog] [info] Usage of --validateMappings implies use of minScoreFraction. Since not explicitly specified, it is being set to 0.65
[2022-03-11 17:45:45.738] [jointLog] [info] Setting consensusSlack to selective-alignment default of 0.35.
[2022-03-11 17:45:45.738] [jointLog] [info] parsing read library format
[2022-03-11 17:45:45.738] [jointLog] [info] There is 1 library.
[2022-03-11 17:45:45.931] [jointLog] [info] Loading pufferfish index
[2022-03-11 17:45:45.936] [jointLog] [info] Loading dense pufferfish index.
[2022-03-11 17:45:46.942] [jointLog] [info] done
[2022-03-11 17:45:46.942] [jointLog] [info] Index contained 116,755 targets
[2022-03-11 17:45:47.018] [jointLog] [info] Number of decoys : 0
[2022-03-11 17:45:47.490] [jointLog] [info] Automatically detected most likely library type as ISF

[2022-03-11 17:47:36.572] [fileLog] [info] 
At end of round 0
==================
Observed 19460539 total fragments (19460539 in most recent round)

[2022-03-11 17:47:36.376] [jointLog] [info] Thread saw mini-batch with a maximum of 9.42% zero probability fragments
[2022-03-11 17:47:36.388] [jointLog] [info] Thread saw mini-batch with a maximum of 9.44% zero probability fragments
[2022-03-11 17:47:36.405] [jointLog] [info] Thread saw mini-batch with a maximum of 9.62% zero probability fragments
[2022-03-11 17:47:36.418] [jointLog] [info] Thread saw mini-batch with a maximum of 9.36% zero probability fragments
[2022-03-11 17:47:36.558] [jointLog] [info] Computed 88,938 rich equivalence classes for further processing
[2022-03-11 17:47:36.558] [jointLog] [info] Counted 16,177,874 total reads in the equivalence classes 
[2022-03-11 17:47:36.576] [jointLog] [info] Number of mappings discarded because of alignment score : 2,783,472
[2022-03-11 17:47:36.576] [jointLog] [info] Number of fragments entirely discarded because of alignment score : 349,119
[2022-03-11 17:47:36.576] [jointLog] [info] Number of fragments discarded because they are best-mapped to decoys : 0
[2022-03-11 17:47:36.576] [jointLog] [info] Number of fragments discarded because they have only dovetail (discordant) mappings to valid targets : 249,779
[2022-03-11 17:47:36.576] [jointLog] [info] Mapping rate = 83.1317%

[2022-03-11 17:47:36.576] [jointLog] [info] finished quantifyLibrary()
[2022-03-11 17:47:36.595] [jointLog] [info] Starting optimizer
[2022-03-11 17:47:36.736] [jointLog] [info] Marked 0 weighted equivalence classes as degenerate
[2022-03-11 17:47:36.763] [jointLog] [info] iteration = 0 | max rel diff. = 9353.62
[2022-03-11 17:47:39.145] [jointLog] [info] iteration = 100 | max rel diff. = 15.8683
[2022-03-11 17:47:41.492] [jointLog] [info] iteration = 200 | max rel diff. = 9.29863
[2022-03-11 17:47:43.959] [jointLog] [info] iteration = 300 | max rel diff. = 2.35884
[2022-03-11 17:47:46.243] [jointLog] [info] iteration = 400 | max rel diff. = 0.159145
[2022-03-11 17:47:48.585] [jointLog] [info] iteration = 500 | max rel diff. = 0.0452461
[2022-03-11 17:47:51.055] [jointLog] [info] iteration = 600 | max rel diff. = 0.0310106
[2022-03-11 17:47:53.323] [jointLog] [info] iteration = 700 | max rel diff. = 0.105673
[2022-03-11 17:47:55.751] [jointLog] [info] iteration = 800 | max rel diff. = 0.0496004
[2022-03-11 17:47:58.049] [jointLog] [info] iteration = 897 | max rel diff. = 0.005777
[2022-03-11 17:47:58.077] [jointLog] [info] Finished optimizer
[2022-03-11 17:47:58.077] [jointLog] [info] writing output 

