[2022-03-11 16:09:06.394] [jointLog] [info] setting maxHashResizeThreads to 4
[2022-03-11 16:09:06.394] [jointLog] [info] Fragment incompatibility prior below threshold.  Incompatible fragments will be ignored.
[2022-03-11 16:09:06.394] [jointLog] [info] Usage of --validateMappings implies use of minScoreFraction. Since not explicitly specified, it is being set to 0.65
[2022-03-11 16:09:06.394] [jointLog] [info] Setting consensusSlack to selective-alignment default of 0.35.
[2022-03-11 16:09:06.394] [jointLog] [info] parsing read library format
[2022-03-11 16:09:06.394] [jointLog] [info] There is 1 library.
[2022-03-11 16:09:06.581] [jointLog] [info] Loading pufferfish index
[2022-03-11 16:09:06.586] [jointLog] [info] Loading dense pufferfish index.
[2022-03-11 16:09:07.648] [jointLog] [info] done
[2022-03-11 16:09:07.648] [jointLog] [info] Index contained 116,755 targets
[2022-03-11 16:09:07.728] [jointLog] [info] Number of decoys : 0
[2022-03-11 16:09:08.279] [jointLog] [info] Automatically detected most likely library type as ISF

[2022-03-11 16:11:08.508] [jointLog] [info] Thread saw mini-batch with a maximum of 8.68% zero probability fragments
[2022-03-11 16:11:08.537] [jointLog] [info] Thread saw mini-batch with a maximum of 8.70% zero probability fragments
[2022-03-11 16:11:08.541] [jointLog] [info] Thread saw mini-batch with a maximum of 8.52% zero probability fragments
[2022-03-11 16:11:08.564] [jointLog] [info] Thread saw mini-batch with a maximum of 8.56% zero probability fragments
[2022-03-11 16:11:08.672] [jointLog] [info] Computed 94,732 rich equivalence classes for further processing
[2022-03-11 16:11:08.672] [jointLog] [info] Counted 18,383,438 total reads in the equivalence classes 
[2022-03-11 16:11:08.676] [jointLog] [info] Number of mappings discarded because of alignment score : 3,310,534
[2022-03-11 16:11:08.676] [jointLog] [info] Number of fragments entirely discarded because of alignment score : 359,178
[2022-03-11 16:11:08.676] [jointLog] [info] Number of fragments discarded because they are best-mapped to decoys : 0
[2022-03-11 16:11:08.676] [jointLog] [info] Number of fragments discarded because they have only dovetail (discordant) mappings to valid targets : 363,557
[2022-03-11 16:11:08.676] [jointLog] [info] Mapping rate = 80.6968%

[2022-03-11 16:11:08.676] [jointLog] [info] finished quantifyLibrary()
[2022-03-11 16:11:08.689] [jointLog] [info] Starting optimizer
[2022-03-11 16:11:08.672] [fileLog] [info] 
At end of round 0
==================
Observed 22780879 total fragments (22780879 in most recent round)

[2022-03-11 16:11:10.727] [jointLog] [info] Marked 0 weighted equivalence classes as degenerate
[2022-03-11 16:11:10.745] [jointLog] [info] iteration = 0 | max rel diff. = 9902.86
[2022-03-11 16:11:12.599] [jointLog] [info] iteration = 100 | max rel diff. = 13.7605
[2022-03-11 16:11:14.758] [jointLog] [info] iteration = 200 | max rel diff. = 12.1489
[2022-03-11 16:11:16.842] [jointLog] [info] iteration = 300 | max rel diff. = 0.816465
[2022-03-11 16:11:18.801] [jointLog] [info] iteration = 400 | max rel diff. = 0.26749
[2022-03-11 16:11:20.916] [jointLog] [info] iteration = 500 | max rel diff. = 0.257264
[2022-03-11 16:11:22.849] [jointLog] [info] iteration = 600 | max rel diff. = 0.307521
[2022-03-11 16:11:24.912] [jointLog] [info] iteration = 700 | max rel diff. = 0.228741
[2022-03-11 16:11:27.027] [jointLog] [info] iteration = 800 | max rel diff. = 0.180532
[2022-03-11 16:11:28.937] [jointLog] [info] iteration = 900 | max rel diff. = 0.0539268
[2022-03-11 16:11:30.144] [jointLog] [info] iteration = 960 | max rel diff. = 0.00452516
[2022-03-11 16:11:30.168] [jointLog] [info] Finished optimizer
[2022-03-11 16:11:30.168] [jointLog] [info] writing output 

