[2022-03-11 17:51:37.809] [jointLog] [info] setting maxHashResizeThreads to 4
[2022-03-11 17:51:37.809] [jointLog] [info] Fragment incompatibility prior below threshold.  Incompatible fragments will be ignored.
[2022-03-11 17:51:37.809] [jointLog] [info] Usage of --validateMappings implies use of minScoreFraction. Since not explicitly specified, it is being set to 0.65
[2022-03-11 17:51:37.809] [jointLog] [info] Setting consensusSlack to selective-alignment default of 0.35.
[2022-03-11 17:51:37.809] [jointLog] [info] parsing read library format
[2022-03-11 17:51:37.809] [jointLog] [info] There is 1 library.
[2022-03-11 17:51:38.042] [jointLog] [info] Loading pufferfish index
[2022-03-11 17:51:38.050] [jointLog] [info] Loading dense pufferfish index.
[2022-03-11 17:51:39.074] [jointLog] [info] done
[2022-03-11 17:51:39.074] [jointLog] [info] Index contained 116,755 targets
[2022-03-11 17:51:39.155] [jointLog] [info] Number of decoys : 0
[2022-03-11 17:51:39.697] [jointLog] [info] Automatically detected most likely library type as ISF

[2022-03-11 17:54:21.070] [jointLog] [info] Thread saw mini-batch with a maximum of 6.84% zero probability fragments
[2022-03-11 17:54:21.087] [jointLog] [info] Thread saw mini-batch with a maximum of 6.70% zero probability fragments
[2022-03-11 17:54:21.092] [jointLog] [info] Thread saw mini-batch with a maximum of 6.60% zero probability fragments
[2022-03-11 17:54:21.097] [jointLog] [info] Thread saw mini-batch with a maximum of 6.80% zero probability fragments
[2022-03-11 17:54:21.241] [jointLog] [info] Computed 130,842 rich equivalence classes for further processing
[2022-03-11 17:54:21.241] [jointLog] [info] Counted 18,739,537 total reads in the equivalence classes 
[2022-03-11 17:54:21.245] [jointLog] [info] Number of mappings discarded because of alignment score : 5,098,697
[2022-03-11 17:54:21.245] [jointLog] [info] Number of fragments entirely discarded because of alignment score : 408,379
[2022-03-11 17:54:21.245] [jointLog] [info] Number of fragments discarded because they are best-mapped to decoys : 0
[2022-03-11 17:54:21.245] [jointLog] [info] Number of fragments discarded because they have only dovetail (discordant) mappings to valid targets : 194,535
[2022-03-11 17:54:21.245] [jointLog] [info] Mapping rate = 82.1947%

[2022-03-11 17:54:21.245] [jointLog] [info] finished quantifyLibrary()
[2022-03-11 17:54:21.272] [jointLog] [info] Starting optimizer
[2022-03-11 17:54:21.409] [jointLog] [info] Marked 0 weighted equivalence classes as degenerate
[2022-03-11 17:54:21.450] [jointLog] [info] iteration = 0 | max rel diff. = 9993.84
[2022-03-11 17:54:21.242] [fileLog] [info] 
At end of round 0
==================
Observed 22798974 total fragments (22798974 in most recent round)

[2022-03-11 17:54:24.501] [jointLog] [info] iteration = 100 | max rel diff. = 14.7412
[2022-03-11 17:54:27.341] [jointLog] [info] iteration = 200 | max rel diff. = 7.30309
[2022-03-11 17:54:30.226] [jointLog] [info] iteration = 300 | max rel diff. = 3.15581
[2022-03-11 17:54:33.227] [jointLog] [info] iteration = 400 | max rel diff. = 1.78803
[2022-03-11 17:54:36.161] [jointLog] [info] iteration = 500 | max rel diff. = 4.53647
[2022-03-11 17:54:39.335] [jointLog] [info] iteration = 600 | max rel diff. = 0.288624
[2022-03-11 17:54:42.200] [jointLog] [info] iteration = 700 | max rel diff. = 0.0486287
[2022-03-11 17:54:45.209] [jointLog] [info] iteration = 800 | max rel diff. = 0.0892741
[2022-03-11 17:54:48.251] [jointLog] [info] iteration = 900 | max rel diff. = 0.104564
[2022-03-11 17:54:50.825] [jointLog] [info] iteration = 989 | max rel diff. = 0.00528794
[2022-03-11 17:54:50.867] [jointLog] [info] Finished optimizer
[2022-03-11 17:54:50.867] [jointLog] [info] writing output 

