[2022-03-11 21:29:12.227] [jointLog] [info] setting maxHashResizeThreads to 4
[2022-03-11 21:29:12.227] [jointLog] [info] Fragment incompatibility prior below threshold.  Incompatible fragments will be ignored.
[2022-03-11 21:29:12.227] [jointLog] [info] Usage of --validateMappings implies use of minScoreFraction. Since not explicitly specified, it is being set to 0.65
[2022-03-11 21:29:12.227] [jointLog] [info] Setting consensusSlack to selective-alignment default of 0.35.
[2022-03-11 21:29:12.227] [jointLog] [info] parsing read library format
[2022-03-11 21:29:12.227] [jointLog] [info] There is 1 library.
[2022-03-11 21:29:12.415] [jointLog] [info] Loading pufferfish index
[2022-03-11 21:29:12.419] [jointLog] [info] Loading dense pufferfish index.
[2022-03-11 21:29:13.455] [jointLog] [info] done
[2022-03-11 21:29:13.455] [jointLog] [info] Index contained 116,755 targets
[2022-03-11 21:29:13.550] [jointLog] [info] Number of decoys : 0
[2022-03-11 21:29:14.039] [jointLog] [info] Automatically detected most likely library type as ISF

[2022-03-11 21:31:24.778] [jointLog] [info] Thread saw mini-batch with a maximum of 6.52% zero probability fragments
[2022-03-11 21:31:24.790] [jointLog] [info] Thread saw mini-batch with a maximum of 6.50% zero probability fragments
[2022-03-11 21:31:24.797] [jointLog] [info] Thread saw mini-batch with a maximum of 6.84% zero probability fragments
[2022-03-11 21:31:24.845] [jointLog] [info] Thread saw mini-batch with a maximum of 6.42% zero probability fragments
[2022-03-11 21:31:24.987] [jointLog] [info] Computed 120,353 rich equivalence classes for further processing
[2022-03-11 21:31:24.987] [jointLog] [info] Counted 21,829,801 total reads in the equivalence classes 
[2022-03-11 21:31:24.991] [jointLog] [info] Number of mappings discarded because of alignment score : 3,937,863
[2022-03-11 21:31:24.991] [jointLog] [info] Number of fragments entirely discarded because of alignment score : 1,083,527
[2022-03-11 21:31:24.991] [jointLog] [info] Number of fragments discarded because they are best-mapped to decoys : 0
[2022-03-11 21:31:24.991] [jointLog] [info] Number of fragments discarded because they have only dovetail (discordant) mappings to valid targets : 144,101
[2022-03-11 21:31:24.991] [jointLog] [info] Mapping rate = 87.9232%

[2022-03-11 21:31:24.991] [jointLog] [info] finished quantifyLibrary()
[2022-03-11 21:31:25.030] [jointLog] [info] Starting optimizer
[2022-03-11 21:31:25.165] [jointLog] [info] Marked 0 weighted equivalence classes as degenerate
[2022-03-11 21:31:25.197] [jointLog] [info] iteration = 0 | max rel diff. = 10511.1
[2022-03-11 21:31:24.988] [fileLog] [info] 
At end of round 0
==================
Observed 24828261 total fragments (24828261 in most recent round)

[2022-03-11 21:31:28.023] [jointLog] [info] iteration = 100 | max rel diff. = 14.4425
[2022-03-11 21:31:30.734] [jointLog] [info] iteration = 200 | max rel diff. = 1.21419
[2022-03-11 21:31:33.231] [jointLog] [info] iteration = 300 | max rel diff. = 0.222974
[2022-03-11 21:31:35.874] [jointLog] [info] iteration = 400 | max rel diff. = 0.282589
[2022-03-11 21:31:38.455] [jointLog] [info] iteration = 500 | max rel diff. = 0.0599027
[2022-03-11 21:31:39.646] [jointLog] [info] iteration = 550 | max rel diff. = 0.00881341
[2022-03-11 21:31:39.670] [jointLog] [info] Finished optimizer
[2022-03-11 21:31:39.670] [jointLog] [info] writing output 

