[2022-03-11 21:59:17.652] [jointLog] [info] setting maxHashResizeThreads to 4
[2022-03-11 21:59:17.652] [jointLog] [info] Fragment incompatibility prior below threshold.  Incompatible fragments will be ignored.
[2022-03-11 21:59:17.652] [jointLog] [info] Usage of --validateMappings implies use of minScoreFraction. Since not explicitly specified, it is being set to 0.65
[2022-03-11 21:59:17.652] [jointLog] [info] Setting consensusSlack to selective-alignment default of 0.35.
[2022-03-11 21:59:17.652] [jointLog] [info] parsing read library format
[2022-03-11 21:59:17.652] [jointLog] [info] There is 1 library.
[2022-03-11 21:59:17.803] [jointLog] [info] Loading pufferfish index
[2022-03-11 21:59:17.815] [jointLog] [info] Loading dense pufferfish index.
[2022-03-11 21:59:18.814] [jointLog] [info] done
[2022-03-11 21:59:18.814] [jointLog] [info] Index contained 116,755 targets
[2022-03-11 21:59:18.880] [jointLog] [info] Number of decoys : 0
[2022-03-11 21:59:29.400] [jointLog] [info] Computed 264 rich equivalence classes for further processing
[2022-03-11 21:59:29.400] [jointLog] [info] Counted 890 total reads in the equivalence classes 
[2022-03-11 21:59:29.403] [jointLog] [info] Number of mappings discarded because of alignment score : 123,523
[2022-03-11 21:59:29.403] [jointLog] [info] Number of fragments entirely discarded because of alignment score : 8,145
[2022-03-11 21:59:29.403] [jointLog] [info] Number of fragments discarded because they are best-mapped to decoys : 0
[2022-03-11 21:59:29.403] [jointLog] [info] Number of fragments discarded because they have only dovetail (discordant) mappings to valid targets : 3,510
[2022-03-11 21:59:29.425] [jointLog] [warning] Only 890 fragments were mapped, but the number of burn-in fragments was set to 5000000.
The effective lengths have been computed using the observed mappings.

[2022-03-11 21:59:29.425] [jointLog] [info] Mapping rate = 0.0308079%

[2022-03-11 21:59:29.425] [jointLog] [info] finished quantifyLibrary()
[2022-03-11 21:59:29.460] [jointLog] [info] Starting optimizer
[2022-03-11 21:59:29.546] [jointLog] [info] Marked 0 weighted equivalence classes as degenerate
[2022-03-11 21:59:29.558] [jointLog] [info] iteration = 0 | max rel diff. = 0.999953
[2022-03-11 21:59:29.401] [fileLog] [info] 
At end of round 0
==================
Observed 2888865 total fragments (2888865 in most recent round)

[2022-03-11 21:59:30.737] [jointLog] [info] iteration = 100 | max rel diff. = 7.11014e-07
[2022-03-11 21:59:30.761] [jointLog] [info] Finished optimizer
[2022-03-11 21:59:30.761] [jointLog] [info] writing output 

[2022-03-11 21:59:31.255] [jointLog] [warning] NOTE: Read Lib [[ ../raw_data/210201_19_S68_L002_R1_001.fastq.gz, ../raw_data/210201_19_S68_L002_R2_001.fastq.gz]] :

Detected a *potential* strand bias > 1% in an unstranded protocol check the file: quants/210201_19_S68_L002_quant/lib_format_counts.json for details

