[2022-03-11 21:52:25.703] [jointLog] [info] setting maxHashResizeThreads to 4
[2022-03-11 21:52:25.703] [jointLog] [info] Fragment incompatibility prior below threshold.  Incompatible fragments will be ignored.
[2022-03-11 21:52:25.703] [jointLog] [info] Usage of --validateMappings implies use of minScoreFraction. Since not explicitly specified, it is being set to 0.65
[2022-03-11 21:52:25.703] [jointLog] [info] Setting consensusSlack to selective-alignment default of 0.35.
[2022-03-11 21:52:25.703] [jointLog] [info] parsing read library format
[2022-03-11 21:52:25.703] [jointLog] [info] There is 1 library.
[2022-03-11 21:52:25.930] [jointLog] [info] Loading pufferfish index
[2022-03-11 21:52:25.933] [jointLog] [info] Loading dense pufferfish index.
[2022-03-11 21:52:27.004] [jointLog] [info] done
[2022-03-11 21:52:27.004] [jointLog] [info] Index contained 116,755 targets
[2022-03-11 21:52:27.091] [jointLog] [info] Number of decoys : 0
[2022-03-11 21:52:27.682] [jointLog] [info] Automatically detected most likely library type as ISF

[2022-03-11 21:55:12.996] [jointLog] [info] Thread saw mini-batch with a maximum of 6.44% zero probability fragments
[2022-03-11 21:55:13.002] [jointLog] [info] Thread saw mini-batch with a maximum of 6.62% zero probability fragments
[2022-03-11 21:55:13.072] [jointLog] [info] Thread saw mini-batch with a maximum of 6.74% zero probability fragments
[2022-03-11 21:55:13.078] [jointLog] [info] Thread saw mini-batch with a maximum of 6.48% zero probability fragments
[2022-03-11 21:55:13.364] [fileLog] [info] 
At end of round 0
==================
Observed 25370486 total fragments (25370486 in most recent round)

[2022-03-11 21:55:13.363] [jointLog] [info] Computed 191,241 rich equivalence classes for further processing
[2022-03-11 21:55:13.363] [jointLog] [info] Counted 22,212,121 total reads in the equivalence classes 
[2022-03-11 21:55:13.367] [jointLog] [info] Number of mappings discarded because of alignment score : 4,216,593
[2022-03-11 21:55:13.367] [jointLog] [info] Number of fragments entirely discarded because of alignment score : 877,957
[2022-03-11 21:55:13.367] [jointLog] [info] Number of fragments discarded because they are best-mapped to decoys : 0
[2022-03-11 21:55:13.367] [jointLog] [info] Number of fragments discarded because they have only dovetail (discordant) mappings to valid targets : 151,496
[2022-03-11 21:55:13.367] [jointLog] [info] Mapping rate = 87.551%

[2022-03-11 21:55:13.367] [jointLog] [info] finished quantifyLibrary()
[2022-03-11 21:55:13.388] [jointLog] [info] Starting optimizer
[2022-03-11 21:55:17.804] [jointLog] [info] Marked 0 weighted equivalence classes as degenerate
[2022-03-11 21:55:17.851] [jointLog] [info] iteration = 0 | max rel diff. = 10536.2
[2022-03-11 21:55:21.473] [jointLog] [info] iteration = 100 | max rel diff. = 13.274
[2022-03-11 21:55:25.022] [jointLog] [info] iteration = 200 | max rel diff. = 11.1637
[2022-03-11 21:55:28.547] [jointLog] [info] iteration = 300 | max rel diff. = 1.62153
[2022-03-11 21:55:31.894] [jointLog] [info] iteration = 400 | max rel diff. = 3.22039
[2022-03-11 21:55:35.307] [jointLog] [info] iteration = 500 | max rel diff. = 0.106718
[2022-03-11 21:55:38.746] [jointLog] [info] iteration = 600 | max rel diff. = 0.510687
[2022-03-11 21:55:42.213] [jointLog] [info] iteration = 700 | max rel diff. = 0.276374
[2022-03-11 21:55:45.594] [jointLog] [info] iteration = 800 | max rel diff. = 0.0329334
[2022-03-11 21:55:48.881] [jointLog] [info] iteration = 900 | max rel diff. = 0.117493
[2022-03-11 21:55:51.373] [jointLog] [info] iteration = 973 | max rel diff. = 0.00698955
[2022-03-11 21:55:51.399] [jointLog] [info] Finished optimizer
[2022-03-11 21:55:51.399] [jointLog] [info] writing output 

