[2022-03-11 15:57:31.243] [jointLog] [info] setting maxHashResizeThreads to 4
[2022-03-11 15:57:31.243] [jointLog] [info] Fragment incompatibility prior below threshold.  Incompatible fragments will be ignored.
[2022-03-11 15:57:31.243] [jointLog] [info] Usage of --validateMappings implies use of minScoreFraction. Since not explicitly specified, it is being set to 0.65
[2022-03-11 15:57:31.243] [jointLog] [info] Setting consensusSlack to selective-alignment default of 0.35.
[2022-03-11 15:57:31.243] [jointLog] [info] parsing read library format
[2022-03-11 15:57:31.243] [jointLog] [info] There is 1 library.
[2022-03-11 15:57:31.418] [jointLog] [info] Loading pufferfish index
[2022-03-11 15:57:31.439] [jointLog] [info] Loading dense pufferfish index.
[2022-03-11 15:57:32.506] [jointLog] [info] done
[2022-03-11 15:57:32.506] [jointLog] [info] Index contained 116,755 targets
[2022-03-11 15:57:32.576] [jointLog] [info] Number of decoys : 0
[2022-03-11 15:57:33.835] [jointLog] [info] Automatically detected most likely library type as ISF

[2022-03-11 16:00:06.154] [fileLog] [info] 
At end of round 0
==================
Observed 22837599 total fragments (22837599 in most recent round)

[2022-03-11 16:00:05.937] [jointLog] [info] Thread saw mini-batch with a maximum of 6.42% zero probability fragments
[2022-03-11 16:00:05.969] [jointLog] [info] Thread saw mini-batch with a maximum of 6.20% zero probability fragments
[2022-03-11 16:00:05.981] [jointLog] [info] Thread saw mini-batch with a maximum of 6.10% zero probability fragments
[2022-03-11 16:00:05.986] [jointLog] [info] Thread saw mini-batch with a maximum of 6.22% zero probability fragments
[2022-03-11 16:00:06.154] [jointLog] [info] Computed 136,433 rich equivalence classes for further processing
[2022-03-11 16:00:06.154] [jointLog] [info] Counted 18,586,352 total reads in the equivalence classes 
[2022-03-11 16:00:06.157] [jointLog] [info] Number of mappings discarded because of alignment score : 3,480,784
[2022-03-11 16:00:06.157] [jointLog] [info] Number of fragments entirely discarded because of alignment score : 367,672
[2022-03-11 16:00:06.157] [jointLog] [info] Number of fragments discarded because they are best-mapped to decoys : 0
[2022-03-11 16:00:06.157] [jointLog] [info] Number of fragments discarded because they have only dovetail (discordant) mappings to valid targets : 290,896
[2022-03-11 16:00:06.157] [jointLog] [info] Mapping rate = 81.3849%

[2022-03-11 16:00:06.157] [jointLog] [info] finished quantifyLibrary()
[2022-03-11 16:00:06.175] [jointLog] [info] Starting optimizer
[2022-03-11 16:00:08.742] [jointLog] [info] Marked 0 weighted equivalence classes as degenerate
[2022-03-11 16:00:08.763] [jointLog] [info] iteration = 0 | max rel diff. = 9979.01
[2022-03-11 16:00:11.162] [jointLog] [info] iteration = 100 | max rel diff. = 13.2484
[2022-03-11 16:00:13.794] [jointLog] [info] iteration = 200 | max rel diff. = 3.42223
[2022-03-11 16:00:16.198] [jointLog] [info] iteration = 300 | max rel diff. = 0.552877
[2022-03-11 16:00:18.815] [jointLog] [info] iteration = 400 | max rel diff. = 11.7509
[2022-03-11 16:00:21.106] [jointLog] [info] iteration = 500 | max rel diff. = 0.0742073
[2022-03-11 16:00:23.833] [jointLog] [info] iteration = 600 | max rel diff. = 0.46367
[2022-03-11 16:00:26.269] [jointLog] [info] iteration = 700 | max rel diff. = 0.0535633
[2022-03-11 16:00:28.815] [jointLog] [info] iteration = 800 | max rel diff. = 0.1567
[2022-03-11 16:00:31.337] [jointLog] [info] iteration = 900 | max rel diff. = 0.0595641
[2022-03-11 16:00:33.887] [jointLog] [info] iteration = 998 | max rel diff. = 0.00844554
[2022-03-11 16:00:33.910] [jointLog] [info] Finished optimizer
[2022-03-11 16:00:33.910] [jointLog] [info] writing output 

