[2022-03-11 15:54:48.492] [jointLog] [info] setting maxHashResizeThreads to 4
[2022-03-11 15:54:48.492] [jointLog] [info] Fragment incompatibility prior below threshold.  Incompatible fragments will be ignored.
[2022-03-11 15:54:48.492] [jointLog] [info] Usage of --validateMappings implies use of minScoreFraction. Since not explicitly specified, it is being set to 0.65
[2022-03-11 15:54:48.492] [jointLog] [info] Setting consensusSlack to selective-alignment default of 0.35.
[2022-03-11 15:54:48.492] [jointLog] [info] parsing read library format
[2022-03-11 15:54:48.492] [jointLog] [info] There is 1 library.
[2022-03-11 15:54:48.700] [jointLog] [info] Loading pufferfish index
[2022-03-11 15:54:48.715] [jointLog] [info] Loading dense pufferfish index.
[2022-03-11 15:54:50.022] [jointLog] [info] done
[2022-03-11 15:54:50.022] [jointLog] [info] Index contained 116,755 targets
[2022-03-11 15:54:50.107] [jointLog] [info] Number of decoys : 0
[2022-03-11 15:54:52.856] [jointLog] [info] Automatically detected most likely library type as ISF

[2022-03-11 15:57:09.931] [jointLog] [info] Thread saw mini-batch with a maximum of 10.76% zero probability fragments
[2022-03-11 15:57:10.032] [jointLog] [info] Thread saw mini-batch with a maximum of 10.50% zero probability fragments
[2022-03-11 15:57:10.054] [jointLog] [info] Thread saw mini-batch with a maximum of 11.00% zero probability fragments
[2022-03-11 15:57:10.064] [jointLog] [info] Thread saw mini-batch with a maximum of 10.42% zero probability fragments
[2022-03-11 15:57:10.186] [jointLog] [info] Computed 80,218 rich equivalence classes for further processing
[2022-03-11 15:57:10.186] [jointLog] [info] Counted 16,834,292 total reads in the equivalence classes 
[2022-03-11 15:57:10.192] [jointLog] [info] Number of mappings discarded because of alignment score : 3,780,951
[2022-03-11 15:57:10.192] [jointLog] [info] Number of fragments entirely discarded because of alignment score : 410,063
[2022-03-11 15:57:10.192] [jointLog] [info] Number of fragments discarded because they are best-mapped to decoys : 0
[2022-03-11 15:57:10.192] [jointLog] [info] Number of fragments discarded because they have only dovetail (discordant) mappings to valid targets : 235,070
[2022-03-11 15:57:10.192] [jointLog] [info] Mapping rate = 81.0738%

[2022-03-11 15:57:10.192] [jointLog] [info] finished quantifyLibrary()
[2022-03-11 15:57:10.204] [jointLog] [info] Starting optimizer
[2022-03-11 15:57:10.297] [jointLog] [info] Marked 0 weighted equivalence classes as degenerate
[2022-03-11 15:57:10.316] [jointLog] [info] iteration = 0 | max rel diff. = 9482.1
[2022-03-11 15:57:10.187] [fileLog] [info] 
At end of round 0
==================
Observed 20764150 total fragments (20764150 in most recent round)

[2022-03-11 15:57:12.166] [jointLog] [info] iteration = 100 | max rel diff. = 18.7199
[2022-03-11 15:57:14.192] [jointLog] [info] iteration = 200 | max rel diff. = 0.512977
[2022-03-11 15:57:16.223] [jointLog] [info] iteration = 300 | max rel diff. = 0.383548
[2022-03-11 15:57:18.183] [jointLog] [info] iteration = 400 | max rel diff. = 0.222712
[2022-03-11 15:57:20.118] [jointLog] [info] iteration = 500 | max rel diff. = 0.0961864
[2022-03-11 15:57:22.024] [jointLog] [info] iteration = 600 | max rel diff. = 0.251917
[2022-03-11 15:57:23.972] [jointLog] [info] iteration = 700 | max rel diff. = 1.37168
[2022-03-11 15:57:25.884] [jointLog] [info] iteration = 800 | max rel diff. = 0.349478
[2022-03-11 15:57:27.845] [jointLog] [info] iteration = 900 | max rel diff. = 0.0889366
[2022-03-11 15:57:29.805] [jointLog] [info] iteration = 1,000 | max rel diff. = 0.00687221
[2022-03-11 15:57:29.828] [jointLog] [info] Finished optimizer
[2022-03-11 15:57:29.828] [jointLog] [info] writing output 

