[2022-03-11 18:07:40.446] [jointLog] [info] setting maxHashResizeThreads to 4
[2022-03-11 18:07:40.446] [jointLog] [info] Fragment incompatibility prior below threshold.  Incompatible fragments will be ignored.
[2022-03-11 18:07:40.446] [jointLog] [info] Usage of --validateMappings implies use of minScoreFraction. Since not explicitly specified, it is being set to 0.65
[2022-03-11 18:07:40.446] [jointLog] [info] Setting consensusSlack to selective-alignment default of 0.35.
[2022-03-11 18:07:40.446] [jointLog] [info] parsing read library format
[2022-03-11 18:07:40.446] [jointLog] [info] There is 1 library.
[2022-03-11 18:07:40.608] [jointLog] [info] Loading pufferfish index
[2022-03-11 18:07:40.612] [jointLog] [info] Loading dense pufferfish index.
[2022-03-11 18:07:41.636] [jointLog] [info] done
[2022-03-11 18:07:41.636] [jointLog] [info] Index contained 116,755 targets
[2022-03-11 18:07:41.708] [jointLog] [info] Number of decoys : 0
[2022-03-11 18:07:42.454] [jointLog] [info] Automatically detected most likely library type as ISF

[2022-03-11 18:11:26.656] [jointLog] [info] Thread saw mini-batch with a maximum of 2.86% zero probability fragments
[2022-03-11 18:11:26.683] [jointLog] [info] Thread saw mini-batch with a maximum of 2.88% zero probability fragments
[2022-03-11 18:11:26.733] [jointLog] [info] Thread saw mini-batch with a maximum of 2.86% zero probability fragments
[2022-03-11 18:11:26.833] [jointLog] [info] Thread saw mini-batch with a maximum of 3.06% zero probability fragments
[2022-03-11 18:11:27.116] [jointLog] [info] Computed 194,572 rich equivalence classes for further processing
[2022-03-11 18:11:27.116] [jointLog] [info] Counted 19,856,167 total reads in the equivalence classes 
[2022-03-11 18:11:27.120] [jointLog] [info] Number of mappings discarded because of alignment score : 8,129,077
[2022-03-11 18:11:27.120] [jointLog] [info] Number of fragments entirely discarded because of alignment score : 484,180
[2022-03-11 18:11:27.120] [jointLog] [info] Number of fragments discarded because they are best-mapped to decoys : 0
[2022-03-11 18:11:27.120] [jointLog] [info] Number of fragments discarded because they have only dovetail (discordant) mappings to valid targets : 121,152
[2022-03-11 18:11:27.120] [jointLog] [info] Mapping rate = 87.3192%

[2022-03-11 18:11:27.120] [jointLog] [info] finished quantifyLibrary()
[2022-03-11 18:11:27.141] [jointLog] [info] Starting optimizer
[2022-03-11 18:11:27.116] [fileLog] [info] 
At end of round 0
==================
Observed 22739744 total fragments (22739744 in most recent round)

[2022-03-11 18:11:27.339] [jointLog] [info] Marked 0 weighted equivalence classes as degenerate
[2022-03-11 18:11:27.385] [jointLog] [info] iteration = 0 | max rel diff. = 10235.9
[2022-03-11 18:11:31.257] [jointLog] [info] iteration = 100 | max rel diff. = 19.5359
[2022-03-11 18:11:35.204] [jointLog] [info] iteration = 200 | max rel diff. = 7.19982
[2022-03-11 18:11:38.941] [jointLog] [info] iteration = 300 | max rel diff. = 18.984
[2022-03-11 18:11:42.701] [jointLog] [info] iteration = 400 | max rel diff. = 0.102688
[2022-03-11 18:11:46.950] [jointLog] [info] iteration = 500 | max rel diff. = 0.717716
[2022-03-11 18:11:50.690] [jointLog] [info] iteration = 600 | max rel diff. = 0.459632
[2022-03-11 18:11:54.395] [jointLog] [info] iteration = 700 | max rel diff. = 0.114651
[2022-03-11 18:11:58.258] [jointLog] [info] iteration = 800 | max rel diff. = 0.102487
[2022-03-11 18:12:01.926] [jointLog] [info] iteration = 900 | max rel diff. = 0.0632466
[2022-03-11 18:12:05.723] [jointLog] [info] iteration = 1,000 | max rel diff. = 0.0731804
[2022-03-11 18:12:09.493] [jointLog] [info] iteration = 1,100 | max rel diff. = 0.0890215
[2022-03-11 18:12:13.178] [jointLog] [info] iteration = 1,200 | max rel diff. = 0.223231
[2022-03-11 18:12:17.023] [jointLog] [info] iteration = 1,300 | max rel diff. = 0.171081
[2022-03-11 18:12:19.375] [jointLog] [info] iteration = 1,356 | max rel diff. = 0.00367721
[2022-03-11 18:12:19.399] [jointLog] [info] Finished optimizer
[2022-03-11 18:12:19.399] [jointLog] [info] writing output 

