[2022-03-11 16:06:18.011] [jointLog] [info] setting maxHashResizeThreads to 4
[2022-03-11 16:06:18.011] [jointLog] [info] Fragment incompatibility prior below threshold.  Incompatible fragments will be ignored.
[2022-03-11 16:06:18.011] [jointLog] [info] Usage of --validateMappings implies use of minScoreFraction. Since not explicitly specified, it is being set to 0.65
[2022-03-11 16:06:18.011] [jointLog] [info] Setting consensusSlack to selective-alignment default of 0.35.
[2022-03-11 16:06:18.011] [jointLog] [info] parsing read library format
[2022-03-11 16:06:18.011] [jointLog] [info] There is 1 library.
[2022-03-11 16:06:18.193] [jointLog] [info] Loading pufferfish index
[2022-03-11 16:06:18.197] [jointLog] [info] Loading dense pufferfish index.
[2022-03-11 16:06:19.301] [jointLog] [info] done
[2022-03-11 16:06:19.301] [jointLog] [info] Index contained 116,755 targets
[2022-03-11 16:06:19.366] [jointLog] [info] Number of decoys : 0
[2022-03-11 16:06:20.153] [jointLog] [info] Automatically detected most likely library type as IU

[2022-03-11 16:08:52.450] [fileLog] [info] 
At end of round 0
==================
Observed 27213641 total fragments (27213641 in most recent round)

[2022-03-11 16:08:52.442] [jointLog] [info] Computed 45,592 rich equivalence classes for further processing
[2022-03-11 16:08:52.442] [jointLog] [info] Counted 24,479,792 total reads in the equivalence classes 
[2022-03-11 16:08:52.454] [jointLog] [info] Number of mappings discarded because of alignment score : 6,043,280
[2022-03-11 16:08:52.454] [jointLog] [info] Number of fragments entirely discarded because of alignment score : 1,088,232
[2022-03-11 16:08:52.454] [jointLog] [info] Number of fragments discarded because they are best-mapped to decoys : 0
[2022-03-11 16:08:52.454] [jointLog] [info] Number of fragments discarded because they have only dovetail (discordant) mappings to valid targets : 424,414
[2022-03-11 16:08:52.454] [jointLog] [info] Mapping rate = 89.9541%

[2022-03-11 16:08:52.454] [jointLog] [info] finished quantifyLibrary()
[2022-03-11 16:08:52.483] [jointLog] [info] Starting optimizer
[2022-03-11 16:08:52.565] [jointLog] [info] Marked 0 weighted equivalence classes as degenerate
[2022-03-11 16:08:52.578] [jointLog] [info] iteration = 0 | max rel diff. = 10690.8
[2022-03-11 16:08:54.349] [jointLog] [info] iteration = 100 | max rel diff. = 4.41025
[2022-03-11 16:08:55.952] [jointLog] [info] iteration = 200 | max rel diff. = 3.69869
[2022-03-11 16:08:57.552] [jointLog] [info] iteration = 300 | max rel diff. = 0.241319
[2022-03-11 16:08:59.378] [jointLog] [info] iteration = 400 | max rel diff. = 0.28572
[2022-03-11 16:09:01.270] [jointLog] [info] iteration = 500 | max rel diff. = 0.78476
[2022-03-11 16:09:02.936] [jointLog] [info] iteration = 600 | max rel diff. = 0.0266091
[2022-03-11 16:09:04.416] [jointLog] [info] iteration = 700 | max rel diff. = 0.107244
[2022-03-11 16:09:04.857] [jointLog] [info] iteration = 731 | max rel diff. = 0.00625905
[2022-03-11 16:09:04.880] [jointLog] [info] Finished optimizer
[2022-03-11 16:09:04.880] [jointLog] [info] writing output 

[2022-03-11 16:09:05.204] [jointLog] [warning] NOTE: Read Lib [[ ../raw_data/190715-4_S7_L002_R1_001.fastq.gz, ../raw_data/190715-4_S7_L002_R2_001.fastq.gz]] :

Detected a *potential* strand bias > 1% in an unstranded protocol check the file: quants/190715-4_S7_L002_quant/lib_format_counts.json for details

