[2022-03-11 22:50:35.426] [jointLog] [info] setting maxHashResizeThreads to 4
[2022-03-11 22:50:35.426] [jointLog] [info] Fragment incompatibility prior below threshold.  Incompatible fragments will be ignored.
[2022-03-11 22:50:35.426] [jointLog] [info] Usage of --validateMappings implies use of minScoreFraction. Since not explicitly specified, it is being set to 0.65
[2022-03-11 22:50:35.426] [jointLog] [info] Setting consensusSlack to selective-alignment default of 0.35.
[2022-03-11 22:50:35.426] [jointLog] [info] parsing read library format
[2022-03-11 22:50:35.426] [jointLog] [info] There is 1 library.
[2022-03-11 22:50:35.653] [jointLog] [info] Loading pufferfish index
[2022-03-11 22:50:35.656] [jointLog] [info] Loading dense pufferfish index.
[2022-03-11 22:50:36.892] [jointLog] [info] done
[2022-03-11 22:50:36.892] [jointLog] [info] Index contained 116,755 targets
[2022-03-11 22:50:36.989] [jointLog] [info] Number of decoys : 0
[2022-03-11 22:50:37.516] [jointLog] [info] Automatically detected most likely library type as ISF

[2022-03-11 22:52:46.029] [jointLog] [info] Thread saw mini-batch with a maximum of 5.48% zero probability fragments
[2022-03-11 22:52:46.078] [jointLog] [info] Thread saw mini-batch with a maximum of 5.70% zero probability fragments
[2022-03-11 22:52:46.084] [jointLog] [info] Thread saw mini-batch with a maximum of 5.60% zero probability fragments
[2022-03-11 22:52:46.128] [jointLog] [info] Thread saw mini-batch with a maximum of 5.54% zero probability fragments
[2022-03-11 22:52:46.337] [jointLog] [info] Computed 195,309 rich equivalence classes for further processing
[2022-03-11 22:52:46.338] [jointLog] [info] Counted 20,084,337 total reads in the equivalence classes 
[2022-03-11 22:52:46.342] [jointLog] [info] Number of mappings discarded because of alignment score : 4,127,683
[2022-03-11 22:52:46.342] [jointLog] [info] Number of fragments entirely discarded because of alignment score : 869,702
[2022-03-11 22:52:46.342] [jointLog] [info] Number of fragments discarded because they are best-mapped to decoys : 0
[2022-03-11 22:52:46.342] [jointLog] [info] Number of fragments discarded because they have only dovetail (discordant) mappings to valid targets : 131,286
[2022-03-11 22:52:46.342] [jointLog] [info] Mapping rate = 88.2796%

[2022-03-11 22:52:46.342] [jointLog] [info] finished quantifyLibrary()
[2022-03-11 22:52:46.380] [jointLog] [info] Starting optimizer
[2022-03-11 22:52:46.338] [fileLog] [info] 
At end of round 0
==================
Observed 22750831 total fragments (22750831 in most recent round)

[2022-03-11 22:52:52.297] [jointLog] [info] Marked 0 weighted equivalence classes as degenerate
[2022-03-11 22:52:52.335] [jointLog] [info] iteration = 0 | max rel diff. = 10198.6
[2022-03-11 22:52:56.029] [jointLog] [info] iteration = 100 | max rel diff. = 13.1721
[2022-03-11 22:52:59.910] [jointLog] [info] iteration = 200 | max rel diff. = 0.851567
[2022-03-11 22:53:03.916] [jointLog] [info] iteration = 300 | max rel diff. = 0.197833
[2022-03-11 22:53:07.348] [jointLog] [info] iteration = 400 | max rel diff. = 2.54325
[2022-03-11 22:53:10.991] [jointLog] [info] iteration = 500 | max rel diff. = 2.24915
[2022-03-11 22:53:14.534] [jointLog] [info] iteration = 600 | max rel diff. = 0.230652
[2022-03-11 22:53:18.087] [jointLog] [info] iteration = 700 | max rel diff. = 0.0985945
[2022-03-11 22:53:21.395] [jointLog] [info] iteration = 800 | max rel diff. = 0.733488
[2022-03-11 22:53:24.973] [jointLog] [info] iteration = 900 | max rel diff. = 0.340215
[2022-03-11 22:53:28.621] [jointLog] [info] iteration = 1,000 | max rel diff. = 0.210499
[2022-03-11 22:53:32.409] [jointLog] [info] iteration = 1,100 | max rel diff. = 0.0873282
[2022-03-11 22:53:36.080] [jointLog] [info] iteration = 1,200 | max rel diff. = 0.018945
[2022-03-11 22:53:39.741] [jointLog] [info] iteration = 1,300 | max rel diff. = 0.223353
[2022-03-11 22:53:42.326] [jointLog] [info] iteration = 1,366 | max rel diff. = 0.00697916
[2022-03-11 22:53:42.349] [jointLog] [info] Finished optimizer
[2022-03-11 22:53:42.349] [jointLog] [info] writing output 

