[2022-03-11 16:03:40.128] [jointLog] [info] setting maxHashResizeThreads to 4
[2022-03-11 16:03:40.128] [jointLog] [info] Fragment incompatibility prior below threshold.  Incompatible fragments will be ignored.
[2022-03-11 16:03:40.128] [jointLog] [info] Usage of --validateMappings implies use of minScoreFraction. Since not explicitly specified, it is being set to 0.65
[2022-03-11 16:03:40.128] [jointLog] [info] Setting consensusSlack to selective-alignment default of 0.35.
[2022-03-11 16:03:40.128] [jointLog] [info] parsing read library format
[2022-03-11 16:03:40.128] [jointLog] [info] There is 1 library.
[2022-03-11 16:03:40.335] [jointLog] [info] Loading pufferfish index
[2022-03-11 16:03:40.341] [jointLog] [info] Loading dense pufferfish index.
[2022-03-11 16:03:41.369] [jointLog] [info] done
[2022-03-11 16:03:41.369] [jointLog] [info] Index contained 116,755 targets
[2022-03-11 16:03:41.433] [jointLog] [info] Number of decoys : 0
[2022-03-11 16:03:42.243] [jointLog] [info] Automatically detected most likely library type as IU

[2022-03-11 16:06:03.355] [fileLog] [info] 
At end of round 0
==================
Observed 27116277 total fragments (27116277 in most recent round)

[2022-03-11 16:06:03.354] [jointLog] [info] Computed 45,681 rich equivalence classes for further processing
[2022-03-11 16:06:03.354] [jointLog] [info] Counted 24,399,999 total reads in the equivalence classes 
[2022-03-11 16:06:03.360] [jointLog] [info] Number of mappings discarded because of alignment score : 6,010,857
[2022-03-11 16:06:03.360] [jointLog] [info] Number of fragments entirely discarded because of alignment score : 1,083,552
[2022-03-11 16:06:03.360] [jointLog] [info] Number of fragments discarded because they are best-mapped to decoys : 0
[2022-03-11 16:06:03.360] [jointLog] [info] Number of fragments discarded because they have only dovetail (discordant) mappings to valid targets : 420,688
[2022-03-11 16:06:03.360] [jointLog] [info] Mapping rate = 89.9829%

[2022-03-11 16:06:03.360] [jointLog] [info] finished quantifyLibrary()
[2022-03-11 16:06:03.388] [jointLog] [info] Starting optimizer
[2022-03-11 16:06:03.477] [jointLog] [info] Marked 0 weighted equivalence classes as degenerate
[2022-03-11 16:06:03.502] [jointLog] [info] iteration = 0 | max rel diff. = 10684.9
[2022-03-11 16:06:05.001] [jointLog] [info] iteration = 100 | max rel diff. = 19.9573
[2022-03-11 16:06:06.603] [jointLog] [info] iteration = 200 | max rel diff. = 1.24982
[2022-03-11 16:06:08.242] [jointLog] [info] iteration = 300 | max rel diff. = 9.13573
[2022-03-11 16:06:09.956] [jointLog] [info] iteration = 400 | max rel diff. = 0.49263
[2022-03-11 16:06:11.583] [jointLog] [info] iteration = 500 | max rel diff. = 0.0953049
[2022-03-11 16:06:13.265] [jointLog] [info] iteration = 600 | max rel diff. = 0.450809
[2022-03-11 16:06:15.063] [jointLog] [info] iteration = 700 | max rel diff. = 0.16254
[2022-03-11 16:06:16.103] [jointLog] [info] iteration = 762 | max rel diff. = 0.00988159
[2022-03-11 16:06:16.126] [jointLog] [info] Finished optimizer
[2022-03-11 16:06:16.126] [jointLog] [info] writing output 

[2022-03-11 16:06:16.589] [jointLog] [warning] NOTE: Read Lib [[ ../raw_data/190715-4_S7_L001_R1_001.fastq.gz, ../raw_data/190715-4_S7_L001_R2_001.fastq.gz]] :

Detected a *potential* strand bias > 1% in an unstranded protocol check the file: quants/190715-4_S7_L001_quant/lib_format_counts.json for details

