[2022-03-11 22:53:44.391] [jointLog] [info] setting maxHashResizeThreads to 4
[2022-03-11 22:53:44.391] [jointLog] [info] Fragment incompatibility prior below threshold.  Incompatible fragments will be ignored.
[2022-03-11 22:53:44.391] [jointLog] [info] Usage of --validateMappings implies use of minScoreFraction. Since not explicitly specified, it is being set to 0.65
[2022-03-11 22:53:44.391] [jointLog] [info] Setting consensusSlack to selective-alignment default of 0.35.
[2022-03-11 22:53:44.391] [jointLog] [info] parsing read library format
[2022-03-11 22:53:44.391] [jointLog] [info] There is 1 library.
[2022-03-11 22:53:44.551] [jointLog] [info] Loading pufferfish index
[2022-03-11 22:53:44.555] [jointLog] [info] Loading dense pufferfish index.
[2022-03-11 22:53:45.730] [jointLog] [info] done
[2022-03-11 22:53:45.730] [jointLog] [info] Index contained 116,755 targets
[2022-03-11 22:53:45.818] [jointLog] [info] Number of decoys : 0
[2022-03-11 22:53:46.437] [jointLog] [info] Automatically detected most likely library type as ISF

[2022-03-11 22:56:07.511] [jointLog] [info] Thread saw mini-batch with a maximum of 5.46% zero probability fragments
[2022-03-11 22:56:07.548] [jointLog] [info] Thread saw mini-batch with a maximum of 5.38% zero probability fragments
[2022-03-11 22:56:07.577] [jointLog] [info] Thread saw mini-batch with a maximum of 5.44% zero probability fragments
[2022-03-11 22:56:07.589] [jointLog] [info] Thread saw mini-batch with a maximum of 5.38% zero probability fragments
[2022-03-11 22:56:07.806] [jointLog] [info] Computed 193,130 rich equivalence classes for further processing
[2022-03-11 22:56:07.806] [jointLog] [info] Counted 19,713,708 total reads in the equivalence classes 
[2022-03-11 22:56:07.812] [jointLog] [info] Number of mappings discarded because of alignment score : 3,996,187
[2022-03-11 22:56:07.812] [jointLog] [info] Number of fragments entirely discarded because of alignment score : 848,423
[2022-03-11 22:56:07.812] [jointLog] [info] Number of fragments discarded because they are best-mapped to decoys : 0
[2022-03-11 22:56:07.812] [jointLog] [info] Number of fragments discarded because they have only dovetail (discordant) mappings to valid targets : 127,333
[2022-03-11 22:56:07.812] [jointLog] [info] Mapping rate = 88.3834%

[2022-03-11 22:56:07.812] [jointLog] [info] finished quantifyLibrary()
[2022-03-11 22:56:07.835] [jointLog] [info] Starting optimizer
[2022-03-11 22:56:07.807] [fileLog] [info] 
At end of round 0
==================
Observed 22304754 total fragments (22304754 in most recent round)

[2022-03-11 22:56:12.342] [jointLog] [info] Marked 0 weighted equivalence classes as degenerate
[2022-03-11 22:56:12.374] [jointLog] [info] iteration = 0 | max rel diff. = 10175.5
[2022-03-11 22:56:15.905] [jointLog] [info] iteration = 100 | max rel diff. = 17.145
[2022-03-11 22:56:19.373] [jointLog] [info] iteration = 200 | max rel diff. = 10.7706
[2022-03-11 22:56:22.821] [jointLog] [info] iteration = 300 | max rel diff. = 0.792673
[2022-03-11 22:56:26.428] [jointLog] [info] iteration = 400 | max rel diff. = 1.40382
[2022-03-11 22:56:29.916] [jointLog] [info] iteration = 500 | max rel diff. = 2.57277
[2022-03-11 22:56:33.605] [jointLog] [info] iteration = 600 | max rel diff. = 0.803783
[2022-03-11 22:56:36.943] [jointLog] [info] iteration = 700 | max rel diff. = 7.34563
[2022-03-11 22:56:40.544] [jointLog] [info] iteration = 800 | max rel diff. = 0.191333
[2022-03-11 22:56:44.052] [jointLog] [info] iteration = 900 | max rel diff. = 0.256908
[2022-03-11 22:56:46.999] [jointLog] [info] iteration = 985 | max rel diff. = 0.00765009
[2022-03-11 22:56:47.030] [jointLog] [info] Finished optimizer
[2022-03-11 22:56:47.031] [jointLog] [info] writing output 

