[2022-03-11 21:34:18.957] [jointLog] [info] setting maxHashResizeThreads to 4
[2022-03-11 21:34:18.957] [jointLog] [info] Fragment incompatibility prior below threshold.  Incompatible fragments will be ignored.
[2022-03-11 21:34:18.957] [jointLog] [info] Usage of --validateMappings implies use of minScoreFraction. Since not explicitly specified, it is being set to 0.65
[2022-03-11 21:34:18.957] [jointLog] [info] Setting consensusSlack to selective-alignment default of 0.35.
[2022-03-11 21:34:18.958] [jointLog] [info] parsing read library format
[2022-03-11 21:34:18.958] [jointLog] [info] There is 1 library.
[2022-03-11 21:34:19.125] [jointLog] [info] Loading pufferfish index
[2022-03-11 21:34:19.136] [jointLog] [info] Loading dense pufferfish index.
[2022-03-11 21:34:20.377] [jointLog] [info] done
[2022-03-11 21:34:20.377] [jointLog] [info] Index contained 116,755 targets
[2022-03-11 21:34:20.444] [jointLog] [info] Number of decoys : 0
[2022-03-11 21:34:21.007] [jointLog] [info] Automatically detected most likely library type as ISF

[2022-03-11 21:36:41.460] [fileLog] [info] 
At end of round 0
==================
Observed 21934870 total fragments (21934870 in most recent round)

[2022-03-11 21:36:41.190] [jointLog] [info] Thread saw mini-batch with a maximum of 6.92% zero probability fragments
[2022-03-11 21:36:41.261] [jointLog] [info] Thread saw mini-batch with a maximum of 7.04% zero probability fragments
[2022-03-11 21:36:41.273] [jointLog] [info] Thread saw mini-batch with a maximum of 7.18% zero probability fragments
[2022-03-11 21:36:41.290] [jointLog] [info] Thread saw mini-batch with a maximum of 7.04% zero probability fragments
[2022-03-11 21:36:41.459] [jointLog] [info] Computed 79,894 rich equivalence classes for further processing
[2022-03-11 21:36:41.459] [jointLog] [info] Counted 18,911,494 total reads in the equivalence classes 
[2022-03-11 21:36:41.463] [jointLog] [info] Number of mappings discarded because of alignment score : 4,490,981
[2022-03-11 21:36:41.463] [jointLog] [info] Number of fragments entirely discarded because of alignment score : 1,110,001
[2022-03-11 21:36:41.463] [jointLog] [info] Number of fragments discarded because they are best-mapped to decoys : 0
[2022-03-11 21:36:41.463] [jointLog] [info] Number of fragments discarded because they have only dovetail (discordant) mappings to valid targets : 54,166
[2022-03-11 21:36:41.463] [jointLog] [info] Mapping rate = 86.2166%

[2022-03-11 21:36:41.463] [jointLog] [info] finished quantifyLibrary()
[2022-03-11 21:36:41.488] [jointLog] [info] Starting optimizer
[2022-03-11 21:36:41.605] [jointLog] [info] Marked 0 weighted equivalence classes as degenerate
[2022-03-11 21:36:41.631] [jointLog] [info] iteration = 0 | max rel diff. = 10003.7
[2022-03-11 21:36:43.883] [jointLog] [info] iteration = 100 | max rel diff. = 4.66433
[2022-03-11 21:36:46.233] [jointLog] [info] iteration = 200 | max rel diff. = 1.27384
[2022-03-11 21:36:48.593] [jointLog] [info] iteration = 300 | max rel diff. = 0.109871
[2022-03-11 21:36:50.774] [jointLog] [info] iteration = 400 | max rel diff. = 0.0869469
[2022-03-11 21:36:53.267] [jointLog] [info] iteration = 500 | max rel diff. = 0.715052
[2022-03-11 21:36:55.623] [jointLog] [info] iteration = 600 | max rel diff. = 0.13711
[2022-03-11 21:36:57.739] [jointLog] [info] iteration = 694 | max rel diff. = 0.0098843
[2022-03-11 21:36:57.763] [jointLog] [info] Finished optimizer
[2022-03-11 21:36:57.763] [jointLog] [info] writing output 

